Start testing: May 28 19:17 CST
----------------------------------------------------------
4/5 Testing: NLPFTESTS
4/5 Test: NLPFTESTS
Command: "/home/sebastian/Project/POWERSYSDYN/FORTRAN SCRIPTS/MACHINE-DYNAMIC-SIMULATION/cmake-build-debug/bin/NLPFTESTS"
Directory: /home/sebastian/Project/POWERSYSDYN/FORTRAN SCRIPTS/MACHINE-DYNAMIC-SIMULATION/cmake-build-debug/Testing
"NLPFTESTS" start time: May 28 19:17 CST
Output:
----------------------------------------------------------
 -1.2084452E-02   1.600492      0.8345718     -5.6598902E-02 -0.8390815    
 -3.9166689E-02 -0.9485970     -5.2823663E-02  -1.159586    
                     1
 -2.3601964E-02   1.572672      0.8200622     -5.5369973E-02 -0.8251175    
 -3.7870288E-02 -0.9328674     -5.1038504E-02  -1.139747    
                     2
 -3.4979016E-02   1.545250      0.8057576     -5.4774761E-02 -0.8105041    
 -3.7423730E-02 -0.9165212     -5.0142646E-02  -1.119627    
                     3
 -4.6180319E-02   1.518314      0.7917049     -5.4176211E-02 -0.7961569    
 -3.6975265E-02 -0.9004706     -4.9256086E-02  -1.099878    
                     4
 -5.7208151E-02   1.491853      0.7778994     -5.3571701E-02 -0.7820736    
 -3.6525726E-02 -0.8847094     -4.8378587E-02  -1.080492    
                     5
 -6.8064861E-02   1.465861      0.7643366     -5.2962899E-02 -0.7682477    
 -3.6073565E-02 -0.8692331     -4.7510624E-02  -1.061461    
                     6
 -7.8752764E-02   1.440327      0.7510123     -5.2351952E-02 -0.7546747    
 -3.5620809E-02 -0.8540353     -4.6651006E-02  -1.042779    
                     7
 -8.9274190E-02   1.415244      0.7379220     -5.1736832E-02 -0.7413497    
 -3.5166860E-02 -0.8391105     -4.5800924E-02  -1.024438    
                     8
 -9.9631421E-02   1.390603      0.7250614     -5.1120162E-02 -0.7282678    
 -3.4712553E-02 -0.8244537     -4.4961095E-02  -1.006431    
                     9
 -0.1098267       1.366395      0.7124265     -5.0501823E-02 -0.7154226    
 -3.4258246E-02 -0.8100607     -4.4130921E-02 -0.9887519    
                    10
 -0.1198623       1.342614      0.7000132     -4.9882412E-02 -0.7028116    
 -3.3804297E-02 -0.7959239     -4.3311596E-02 -0.9713936    
                    11
 -0.1297403       1.319251      0.6878175     -4.9263716E-02 -0.6904283    
 -3.3352017E-02 -0.7820395     -4.2502761E-02 -0.9543488    
                    12
 -0.1394632       1.296297      0.6758353     -4.8643947E-02 -0.6782690    
 -3.2900095E-02 -0.7684031     -4.1705370E-02 -0.9376132    
                    13
 -0.1490328       1.273747      0.6640631     -4.8025250E-02 -0.6663297    
 -3.2450199E-02 -0.7550089     -4.0918589E-02 -0.9211791    
                    14
 -0.1584516       1.251593      0.6524969     -4.7407389E-02 -0.6546056    
 -3.2001376E-02 -0.7418531     -4.0143132E-02 -0.9050407    
                    15
 -0.1677214       1.229826      0.6411330     -4.6791196E-02 -0.6430935    
 -3.1555176E-02 -0.7289312     -3.9379239E-02 -0.8891931    
                    16
 -0.1768446       1.208441      0.6299680     -4.6176076E-02 -0.6317877    
 -3.1111598E-02 -0.7162385     -3.8626790E-02 -0.8736296    
                    17
 -0.1858232       1.187431      0.6189982     -4.5564532E-02 -0.6206852    
 -3.0670047E-02 -0.7037698     -3.7885427E-02 -0.8583446    
                    18
 -0.1946592       1.166788      0.6082200     -4.4954419E-02 -0.6097821    
 -3.0231476E-02 -0.6915220     -3.7156284E-02 -0.8433340    
                    19
 -0.2033546       1.146506      0.5976303     -4.4347525E-02 -0.5990747    
 -2.9795527E-02 -0.6794907     -3.6438525E-02 -0.8285911    
                    20
 -0.2119116       1.126578      0.5872254     -4.3744087E-02 -0.5885574    
 -2.9363275E-02 -0.6676719     -3.5731673E-02 -0.8141117    
                    21
 -0.2203322       1.106998      0.5770023     -4.3143272E-02 -0.5782303    
 -2.8933525E-02 -0.6560611     -3.5036922E-02 -0.7998900    
                    22
 -0.2286182       1.087761      0.5669577     -4.2546630E-02 -0.5680869    
 -2.8507590E-02 -0.6446548     -3.4354270E-02 -0.7859218    
                    23
 -0.2367716       1.068859      0.5570883     -4.1954160E-02 -0.5581239    
 -2.8085828E-02 -0.6334492     -3.3682108E-02 -0.7722011    
                    24
 -0.2447944       1.050287      0.5473911     -4.1364670E-02 -0.5483388    
 -2.7667284E-02 -0.6224405     -3.3022404E-02 -0.7587254    
                    25
 -0.2526885       1.032039      0.5378631     -4.0780663E-02 -0.5387288    
 -2.7252197E-02 -0.6116253     -3.2373905E-02 -0.7454879    
                    26
 -0.2604557       1.014108      0.5285013     -4.0200591E-02 -0.5292889    
 -2.6841640E-02 -0.6009998     -3.1736314E-02 -0.7324846    
                    27
 -0.2680981      0.9964907      0.5193026     -3.9625049E-02 -0.5200171    
 -2.6434898E-02 -0.5905600     -3.1110823E-02 -0.7197113    
                    28
 -0.2756173      0.9791799      0.5102644     -3.9054632E-02 -0.5109098    
 -2.6032448E-02 -0.5803034     -3.0496240E-02 -0.7071650    
                    29
 -0.2830153      0.9621704      0.5013835     -3.8489342E-02 -0.5019644    
 -2.5634170E-02 -0.5702263     -2.9892445E-02 -0.6948395    
                    30
 -0.2902936      0.9454570      0.4926575     -3.7928700E-02 -0.4931777    
 -2.5239825E-02 -0.5603259     -2.9299378E-02 -0.6827312    
                    31
 -0.2974544      0.9290343      0.4840835     -3.7373304E-02 -0.4845465    
 -2.4849892E-02 -0.5505983     -2.8717637E-02 -0.6708367    
                    32
 -0.3044991      0.9128976      0.4756589     -3.6823034E-02 -0.4760678    
 -2.4464607E-02 -0.5410408     -2.8146744E-02 -0.6591518    
                    33
 -0.3114297      0.8970416      0.4673810     -3.6278844E-02 -0.4677396    
 -2.4083495E-02 -0.5316499     -2.7586639E-02 -0.6476729    
                    34
 -0.3182478      0.8814610      0.4592472     -3.5738707E-02 -0.4595590    
 -2.3706675E-02 -0.5224223     -2.7037442E-02 -0.6363950    
                    35
 -0.3249550      0.8661516      0.4512551     -3.5205722E-02 -0.4515216    
 -2.3333907E-02 -0.5133574     -2.6497126E-02 -0.6253159    
                    36
 -0.3315531      0.8511080      0.4434020     -3.4677744E-02 -0.4436277    
 -2.2966623E-02 -0.5044487     -2.5968850E-02 -0.6144314    
                    37
 -0.3380437      0.8363258      0.4356858     -3.4154892E-02 -0.4358729    
 -2.2603631E-02 -0.4956961     -2.5449157E-02 -0.6037376    
                    38
 -0.3444284      0.8218003      0.4281037     -3.3638477E-02 -0.4282541    
 -2.2245169E-02 -0.4870960     -2.4940848E-02 -0.5932317    
                    39
 -0.3507089      0.8075276      0.4206537     -3.3127546E-02 -0.4207698    
 -2.1891236E-02 -0.4786451     -2.4440885E-02 -0.5829101    
                    40
 -0.3568867      0.7935023      0.4133334     -3.2622814E-02 -0.4134175    
 -2.1541476E-02 -0.4703417     -2.3952425E-02 -0.5727687    
                    41
 -0.3629635      0.7797210      0.4061404     -3.2123208E-02 -0.4061952    
 -2.1196604E-02 -0.4621824     -2.3472369E-02 -0.5628049    
                    42
 -0.3689409      0.7661787      0.3990725     -3.1630397E-02 -0.3990992    
 -2.0856023E-02 -0.4541647     -2.3001969E-02 -0.5530162    
                    43
 -0.3748200      0.7528715      0.3921277     -3.1143069E-02 -0.3921282    
 -2.0520329E-02 -0.4462876     -2.2540927E-02 -0.5433977    
                    44
 -0.3806027      0.7397953      0.3853036     -3.0661583E-02 -0.3852800    
 -2.0189047E-02 -0.4385458     -2.2088945E-02 -0.5339484    
                    45
 -0.3862904      0.7269459      0.3785981     -3.0185342E-02 -0.3785521    
 -1.9861698E-02 -0.4309398     -2.1645606E-02 -0.5246632    
                    46
 -0.3918847      0.7143195      0.3720091     -2.9715896E-02 -0.3719420    
 -1.9539833E-02 -0.4234645     -2.1211147E-02 -0.5155406    
                    47
 -0.3973866      0.7019122      0.3655350     -2.9251695E-02 -0.3654492    
 -1.9221306E-02 -0.4161198     -2.0786285E-02 -0.5065773    
                    48
 -0.4027980      0.6897206      0.3591735     -2.8794169E-02 -0.3590691    
 -1.8908620E-02 -0.4089023     -2.0369172E-02 -0.4977708    
                    49
 -0.4081201      0.6777398      0.3529225     -2.8341770E-02 -0.3528013    
 -1.8599153E-02 -0.4018102     -1.9960880E-02 -0.4891174    
                    50
 -0.4133544      0.6659674      0.3467802     -2.7895689E-02 -0.3466442    
 -1.8294811E-02 -0.3948411     -1.9560575E-02 -0.4806149    
                    51
 -0.4185022      0.6543989      0.3407446     -2.7455568E-02 -0.3405941    
 -1.7994761E-02 -0.3879918     -1.9168437E-02 -0.4722605    
                    52
 -0.4235647      0.6430312      0.3348143     -2.7020931E-02 -0.3346510    
 -1.7698765E-02 -0.3812633     -1.8784285E-02 -0.4640520    
                    53
 -0.4285433      0.6318610      0.3289869     -2.6592016E-02 -0.3288115    
 -1.7406821E-02 -0.3746499     -1.8407881E-02 -0.4559870    
                    54
 -0.4334397      0.6208839      0.3232608     -2.6169300E-02 -0.3230737    
 -1.7119646E-02 -0.3681517     -1.8039286E-02 -0.4480612    
                    55
 -0.4382547      0.6100973      0.3176343     -2.5751472E-02 -0.3174381    
 -1.6836524E-02 -0.3617666     -1.7677963E-02 -0.4402740    
                    56
 -0.4429899      0.5994982      0.3121057     -2.5340796E-02 -0.3118992    
 -1.6557693E-02 -0.3554910     -1.7324507E-02 -0.4326227    
                    57
 -0.4476464      0.5890825      0.3066732     -2.4934769E-02 -0.3064585    
 -1.6282678E-02 -0.3493246     -1.6977549E-02 -0.4251041    
                    58
 -0.4522254      0.5788472      0.3013350     -2.4533987E-02 -0.3011125    
 -1.6011715E-02 -0.3432649     -1.6638100E-02 -0.4177163    
                    59
 -0.4567283      0.5687896      0.2960896     -2.4139047E-02 -0.2958606    
 -1.5745997E-02 -0.3373103     -1.6305864E-02 -0.4104569    
                    60
 -0.4611562      0.5589064      0.2909355     -2.3751259E-02 -0.2907000    
 -1.5483022E-02 -0.3314594     -1.5980124E-02 -0.4033239    
                    61
 -0.4655101      0.5491953      0.2858711     -2.3366928E-02 -0.2856296    
 -1.5224934E-02 -0.3257092     -1.5660584E-02 -0.3963158    
                    62
 -0.4697916      0.5396515      0.2808945     -2.2988915E-02 -0.2806485    
 -1.4970541E-02 -0.3200587     -1.5348077E-02 -0.3894281    
                    63
 -0.4740016      0.5302737      0.2760047     -2.2615910E-02 -0.2757543    
 -1.4719963E-02 -0.3145063     -1.5041769E-02 -0.3826611    
                    64
 -0.4781412      0.5210586      0.2711999     -2.2249103E-02 -0.2709452    
 -1.4472842E-02 -0.3090494     -1.4742374E-02 -0.3760116    
                    65
 -0.4822115      0.5120028      0.2664785     -2.1886826E-02 -0.2662210    
 -1.4229774E-02 -0.3036872     -1.4448643E-02 -0.3694770    
                    66
 -0.4862140      0.5031041      0.2618390     -2.1530390E-02 -0.2615783    
 -1.3991237E-02 -0.2984176     -1.4161646E-02 -0.3630564    
                    67
 -0.4901493      0.4943606      0.2572806     -2.1179199E-02 -0.2570181    
 -1.3755441E-02 -0.2932401     -1.3880014E-02 -0.3567474    
                    68
 -0.4940188      0.4857677      0.2528012     -2.0833135E-02 -0.2525362    
 -1.3523459E-02 -0.2881514     -1.3603926E-02 -0.3505473    
                    69
 -0.4978232      0.4773241      0.2483996     -2.0491719E-02 -0.2481322    
 -1.3296127E-02 -0.2831509     -1.3333917E-02 -0.3444555    
                    70
 -0.5015640      0.4690268      0.2440748     -2.0155311E-02 -0.2438064    
 -1.3070822E-02 -0.2782370     -1.3070285E-02 -0.3384693    
                    71
 -0.5052419      0.4608737      0.2398249     -1.9824266E-02 -0.2395558    
 -1.2850404E-02 -0.2734082     -1.2810469E-02 -0.3325880    
                    72
 -0.5088580      0.4528620      0.2356490     -1.9498706E-02 -0.2353787    
 -1.2633681E-02 -0.2686628     -1.2557566E-02 -0.3268073    
                    73
 -0.5124133      0.4449892      0.2315457     -1.9177675E-02 -0.2312756    
 -1.2419581E-02 -0.2639999     -1.2309372E-02 -0.3211274    
                    74
 -0.5159088      0.4372530      0.2275139     -1.8860817E-02 -0.2272435    
 -1.2209296E-02 -0.2594180     -1.2065530E-02 -0.3155472    
                    75
 -0.5193456      0.4296508      0.2235521     -1.8550396E-02 -0.2232819    
 -1.2002110E-02 -0.2549149     -1.1827826E-02 -0.3100626    
                    76
 -0.5227243      0.4221805      0.2196591     -1.8243313E-02 -0.2193888    
 -1.1798263E-02 -0.2504903     -1.1594534E-02 -0.3046734    
                    77
 -0.5260462      0.4148400      0.2158339     -1.7941117E-02 -0.2155644    
 -1.1597991E-02 -0.2461418     -1.1365354E-02 -0.2993782    
                    78
 -0.5293121      0.4076263      0.2120752     -1.7643571E-02 -0.2118071    
 -1.1401057E-02 -0.2418683     -1.1142075E-02 -0.2941747    
                    79
 -0.5325230      0.4005380      0.2083820     -1.7350912E-02 -0.2081143    
 -1.1206388E-02 -0.2376689     -1.0923505E-02 -0.2890611    
                    80
 -0.5356796      0.3935729      0.2047527     -1.7062426E-02 -0.2044867    
 -1.1015654E-02 -0.2335418     -1.0708928E-02 -0.2840366    
                    81
 -0.5387830      0.3867282      0.2011867     -1.6778708E-02 -0.2009215    
 -1.0828376E-02 -0.2294873     -1.0498464E-02 -0.2790992    
                    82
 -0.5418338      0.3800025      0.1976828     -1.6499877E-02 -0.1974188    
 -1.0643721E-02 -0.2255018     -1.0292232E-02 -0.2742476    
                    83
 -0.5448329      0.3733933      0.1942396     -1.6224623E-02 -0.1939777    
 -1.0462284E-02 -0.2215862     -1.0091245E-02 -0.2694802    
                    84
 -0.5477814      0.3668991      0.1908565     -1.5953422E-02 -0.1905966    
 -1.0283470E-02 -0.2177386     -9.8935962E-03 -0.2647958    
                    85
 -0.5506800      0.3605176      0.1875324     -1.5687704E-02 -0.1872731    
 -1.0107756E-02 -0.2139570     -9.7001195E-03 -0.2601922    
                    86
 -0.5535296      0.3542466      0.1842657     -1.5425205E-02 -0.1840097    
 -9.9345446E-03 -0.2102405     -9.5111132E-03 -0.2556682    
                    87
 -0.5563308      0.3480846      0.1810560     -1.5166521E-02 -0.1808017    
 -9.7656250E-03 -0.2065889     -9.3256831E-03 -0.2512238    
                    88
 -0.5590847      0.3420293      0.1779023     -1.4912963E-02 -0.1776501    
 -9.5977783E-03 -0.2030002     -9.1434717E-03 -0.2468555    
                    89
 -0.5617917      0.3360791      0.1748033     -1.4662862E-02 -0.1745534    
 -9.4332695E-03 -0.1994743     -8.9657903E-03 -0.2425637    
                    90
 -0.5644526      0.3302324      0.1717582     -1.4416933E-02 -0.1715107    
 -9.2718601E-03 -0.1960093     -8.7907910E-03 -0.2383463    
                    91
 -0.5670686      0.3244869      0.1687660     -1.4174581E-02 -0.1685210    
 -9.1133118E-03 -0.1926033     -8.6207986E-03 -0.2342014    
                    92
 -0.5696403      0.3188412      0.1658261     -1.3937116E-02 -0.1655824    
 -8.9569092E-03 -0.1892571     -8.4528923E-03 -0.2301285    
                    93
 -0.5721680      0.3132933      0.1629371     -1.3702154E-02 -0.1626971    
 -8.8028908E-03 -0.1859686     -8.2893372E-03 -0.2261264    
                    94
 -0.5746528      0.3078420      0.1600984     -1.3471127E-02 -0.1598607    
 -8.6516142E-03 -0.1827376     -8.1289411E-03 -0.2221947    
                    95
 -0.5770954      0.3024856      0.1573092     -1.3244390E-02 -0.1570743    
 -8.5030794E-03 -0.1795620     -7.9711676E-03 -0.2183306    
                    96
 -0.5794963      0.2972218      0.1545684     -1.3020754E-02 -0.1543361    
 -8.3569288E-03 -0.1764420     -7.8175068E-03 -0.2145333    
                    97
 -0.5818565      0.2920494      0.1518753     -1.2800932E-02 -0.1516455    
 -8.2136393E-03 -0.1733755     -7.6667666E-03 -0.2108023    
                    98
 -0.5841766      0.2869669      0.1492290     -1.2585163E-02 -0.1490022    
 -8.0723763E-03 -0.1703624     -7.5191855E-03 -0.2071354    
                    99
 -0.5864570      0.2819726      0.1466290     -1.2372851E-02 -0.1464050    
 -7.9329014E-03 -0.1674012     -7.3740482E-03 -0.2035327    
                   100
 -0.5886984      0.2770652      0.1440740     -1.2163162E-02 -0.1438528    
 -7.7966452E-03 -0.1644919     -7.2321892E-03 -0.1999927    
                   101
 -0.5909019      0.2722425      0.1415636     -1.1957169E-02 -0.1413453    
 -7.6621771E-03 -0.1616322     -7.0938468E-03 -0.1965137    
                   102
 -0.5930678      0.2675041      0.1390967     -1.1755347E-02 -0.1388811    
 -7.5304508E-03 -0.1588227     -6.9573522E-03 -0.1930947    
                   103
 -0.5951964      0.2628478      0.1366729     -1.1555314E-02 -0.1364596    
 -7.4007511E-03 -0.1560618     -6.8238378E-03 -0.1897364    
                   104
 -0.5972890      0.2582724      0.1342914     -1.1360407E-02 -0.1340809    
 -7.2731972E-03 -0.1533482     -6.6930652E-03 -0.1864350    
                   105
 -0.5993454      0.2537766      0.1319511     -1.1166692E-02 -0.1317443    
 -7.1474314E-03 -0.1506823     -6.5649152E-03 -0.1831923    
                   106
 -0.6013670      0.2493585      0.1296517     -1.0977149E-02 -0.1294470    
 -7.0246458E-03 -0.1480623     -6.4398050E-03 -0.1800044    
                   107
 -0.6033542      0.2450176      0.1273922     -1.0790706E-02 -0.1271904    
 -6.9029331E-03 -0.1454883     -6.3166618E-03 -0.1768727    
                   108
 -0.6053073      0.2407523      0.1251723     -1.0607481E-02 -0.1249735    
 -6.7837238E-03 -0.1429582     -6.1959624E-03 -0.1737955    
                   109
 -0.6072270      0.2365605      0.1229906     -1.0426879E-02 -0.1227946    
 -6.6665411E-03 -0.1404729     -6.0780048E-03 -0.1707706    
                   110
 -0.6091137      0.2324419      0.1208474     -1.0249853E-02 -0.1206536    
 -6.5512657E-03 -0.1380298     -5.9619546E-03 -0.1677999    
                   111
 -0.6109682      0.2283949      0.1187410     -1.0074854E-02 -0.1185504    
 -6.4386129E-03 -0.1356293     -5.8484674E-03 -0.1648800    
                   112
 -0.6127910      0.2244178      0.1166716     -9.9033117E-03 -0.1164834    
 -6.3272715E-03 -0.1332695     -5.7380795E-03 -0.1620104    
                   113
 -0.6145827      0.2205100      0.1146380     -9.7346306E-03 -0.1144530    
 -6.2174797E-03 -0.1309519     -5.6288540E-03 -0.1591907    
                   114
 -0.6163436      0.2166704      0.1126397     -9.5691681E-03 -0.1124569    
 -6.1103106E-03 -0.1286744     -5.5225194E-03 -0.1564205    
                   115
 -0.6180741      0.2128977      0.1106765     -9.4056129E-03 -0.1104966    
 -6.0046911E-03 -0.1264362     -5.4177642E-03 -0.1536984    
                   116
 -0.6197753      0.2091898      0.1087473     -9.2451572E-03 -0.1085701    
 -5.9003830E-03 -0.1242366     -5.3150654E-03 -0.1510229    
                   117
 -0.6214469      0.2055470      0.1068519     -9.0878010E-03 -0.1066773    
 -5.7982206E-03 -0.1220756     -5.2150488E-03 -0.1483946    
                   118
 -0.6230902      0.2019671      0.1049892     -8.9317560E-03 -0.1048175    
 -5.6982040E-03 -0.1199515     -5.1166713E-03 -0.1458120    
                   119
 -0.6247051      0.1984500      0.1031594     -8.7800026E-03 -0.1029900    
 -5.5994987E-03 -0.1178651     -5.0199032E-03 -0.1432734    
                   120
 -0.6262924      0.1949937      0.1013611     -8.6293221E-03 -0.1011943    
 -5.5024624E-03 -0.1158142     -4.9256086E-03 -0.1407797    
                   121
 -0.6278524      0.1915975      9.9593937E-02 -8.4813833E-03 -9.9430323E-02
 -5.4072142E-03 -0.1137986     -4.8325956E-03 -0.1383290    
                   122
 -0.6293856      0.1882602      9.7857893E-02 -8.3360672E-03 -9.7696424E-02
 -5.3135157E-03 -0.1118193     -4.7422945E-03 -0.1359210    
                   123
 -0.6308926      0.1849808      9.6151948E-02 -8.1938505E-03 -9.5992684E-02
 -5.2214861E-03 -0.1098726     -4.6530366E-03 -0.1335542    
                   124
 -0.6323736      0.1817590      9.4475865E-02 -8.0535412E-03 -9.4319463E-02
 -5.1308870E-03 -0.1079609     -4.5655668E-03 -0.1312296    
                   125
 -0.6338292      0.1785928      9.2828810E-02 -7.9162121E-03 -9.2674494E-02
 -5.0420761E-03 -0.1060822     -4.4806302E-03 -0.1289444    
                   126
 -0.6352594      0.1754822      9.1210485E-02 -7.7800751E-03 -9.1058969E-02
 -4.9546957E-03 -0.1042359     -4.3963194E-03 -0.1266999    
                   127
 -0.6366656      0.1724252      8.9620352E-02 -7.6470375E-03 -8.9470863E-02
 -4.8687458E-03 -0.1024218     -4.3143630E-03 -0.1244938    
                   128
 -0.6380473      0.1694214      8.8057876E-02 -7.5156689E-03 -8.7911129E-02
 -4.7836304E-03 -0.1006396     -4.2333305E-03 -0.1223257    
                   129
 -0.6394054      0.1664698      8.6522520E-02 -7.3862076E-03 -8.6378336E-02
 -4.7008991E-03 -9.8887086E-02 -4.1547418E-03 -0.1201961    
                   130
 -0.6407399      0.1635696      8.5013807E-02 -7.2599649E-03 -8.4871531E-02
 -4.6197176E-03 -9.7166061E-02 -4.0775239E-03 -0.1181026    
                   131
 -0.6420515      0.1607205      8.3531737E-02 -7.1349144E-03 -8.3391905E-02
 -4.5397282E-03 -9.5475078E-02 -4.0013492E-03 -0.1160462    
                   132
 -0.6433407      0.1579198      8.2075477E-02 -7.0124865E-03 -8.1938148E-02
 -4.4606924E-03 -9.3813181E-02 -3.9266944E-03 -0.1140256    
                   133
 -0.6446075      0.1551684      8.0644429E-02 -6.8922043E-03 -8.0508828E-02
 -4.3835640E-03 -9.2180133E-02 -3.8532317E-03 -0.1120396    
                   134
 -0.6458524      0.1524645      7.9238355E-02 -6.7734718E-03 -7.9105735E-02
 -4.3073893E-03 -9.0575337E-02 -3.7818551E-03 -0.1100883    
                   135
 -0.6470762      0.1498077      7.7856660E-02 -6.6576004E-03 -7.7725768E-02
 -4.2324066E-03 -8.8998437E-02 -3.7112236E-03 -0.1081710    
                   136
 -0.6482785      0.1471977      7.6499224E-02 -6.5430403E-03 -7.6370001E-02
 -4.1589737E-03 -8.7448597E-02 -3.6426783E-03 -0.1062875    
                   137
 -0.6494604      0.1446328      7.5165153E-02 -6.4305067E-03 -7.5038552E-02
 -4.0866137E-03 -8.5926175E-02 -3.5753846E-03 -0.1044359    
                   138
 -0.6506217      0.1421126      7.3854506E-02 -6.3203573E-03 -7.3729515E-02
 -4.0156841E-03 -8.4430456E-02 -3.5083592E-03 -0.1026173    
                   139
 -0.6517630      0.1396362      7.2566748E-02 -6.2116385E-03 -7.2443962E-02
 -3.9459467E-03 -8.2960010E-02 -3.4436285E-03 -0.1008296    
                   140
 -0.6528848      0.1372025      7.1301341E-02 -6.1038733E-03 -7.1180344E-02
 -3.8775206E-03 -8.1515551E-02 -3.3803284E-03 -9.9073410E-02
                   141
 -0.6539871      0.1348118      7.0058107E-02 -5.9993267E-03 -6.9939733E-02
 -3.8100481E-03 -8.0096006E-02 -3.3176243E-03 -9.7347260E-02
                   142
 -0.6550704      0.1324626      6.8836510E-02 -5.8954954E-03 -6.8719983E-02
 -3.7441254E-03 -7.8701258E-02 -3.2564104E-03 -9.5651865E-02
                   143
 -0.6561350      0.1301539      6.7635953E-02 -5.7946444E-03 -6.7520618E-02
 -3.6793947E-03 -7.7330351E-02 -3.1961799E-03 -9.3985319E-02
                   144
 -0.6571813      0.1278855      6.6456437E-02 -5.6943893E-03 -6.6344261E-02
 -3.6146641E-03 -7.5983644E-02 -3.1374693E-03 -9.2348099E-02
                   145
 -0.6582094      0.1256566      6.5297663E-02 -5.5966377E-03 -6.5186501E-02
 -3.5521984E-03 -7.4660301E-02 -3.0798316E-03 -9.0739012E-02
                   146
 -0.6592197      0.1234666      6.4158797E-02 -5.5001974E-03 -6.4049959E-02
 -3.4909248E-03 -7.3360205E-02 -3.0229390E-03 -8.9158773E-02
                   147
 -0.6602126      0.1213151      6.3040197E-02 -5.4049492E-03 -6.2933087E-02
 -3.4298897E-03 -7.2082520E-02 -2.9673278E-03 -8.7605953E-02
                   148
 -0.6611887      0.1192001      6.1940670E-02 -5.3124428E-03 -6.1834812E-02
 -3.3699274E-03 -7.0826888E-02 -2.9121935E-03 -8.6078405E-02
                   149
 -0.6621478      0.1171227      6.0860455E-02 -5.2195787E-03 -6.0757041E-02
 -3.3117533E-03 -6.9593310E-02 -2.8597713E-03 -8.4578991E-02
                   150
 -0.6630902      0.1150813      5.9799194E-02 -5.1304102E-03 -5.9696913E-02
 -3.2539368E-03 -6.8380713E-02 -2.8068125E-03 -8.3105803E-02
                   151
 -0.6640160      0.1130749      5.8756113E-02 -5.0408840E-03 -5.8655620E-02
 -3.1974316E-03 -6.7189693E-02 -2.7556419E-03 -8.1657648E-02
                   152
 -0.6649261      0.1111044      5.7731450E-02 -4.9544573E-03 -5.7633519E-02
 -3.1415224E-03 -6.6019058E-02 -2.7047694E-03 -8.0234766E-02
                   153
 -0.6658205      0.1091672      5.6724548E-02 -4.8682690E-03 -5.6627989E-02
 -3.0871630E-03 -6.4869165E-02 -2.6558638E-03 -7.8836203E-02
                   154
 -0.6666994      0.1072648      5.5735290E-02 -4.7851801E-03 -5.5639386E-02
 -3.0335188E-03 -6.3739419E-02 -2.6066601E-03 -7.7462912E-02
                   155
 -0.6675631      0.1053946      5.4763377E-02 -4.7023296E-03 -5.4669738E-02
 -2.9804707E-03 -6.2628746E-02 -2.5591850E-03 -7.6113224E-02
                   156
 -0.6684118      0.1035572      5.3808212E-02 -4.6209097E-03 -5.3716421E-02
 -2.9287338E-03 -6.1537623E-02 -2.5128424E-03 -7.4786425E-02
                   157
 -0.6692459      0.1017520      5.2869678E-02 -4.5409203E-03 -5.2779436E-02
 -2.8778315E-03 -6.0465574E-02 -2.4668276E-03 -7.3482990E-02
                   158
 -0.6700655      9.9978685E-02  5.1947474E-02 -4.4624805E-03 -5.1858664E-02
 -2.8275251E-03 -5.9412003E-02 -2.4217665E-03 -7.2203159E-02
                   159
 -0.6708711      9.8235488E-02  5.1041365E-02 -4.3854713E-03 -5.0954103E-02
 -2.7788877E-03 -5.8376908E-02 -2.3778081E-03 -7.0944071E-02
                   160
 -0.6716626      9.6522689E-02  5.0151348E-02 -4.3095350E-03 -5.0065517E-02
 -2.7301311E-03 -5.7359099E-02 -2.3340285E-03 -6.9708109E-02
                   161
 -0.6724404      9.4839454E-02  4.9276531E-02 -4.2349100E-03 -4.9191952E-02
 -2.6828051E-03 -5.6360126E-02 -2.2917092E-03 -6.8493128E-02
                   162
 -0.6732047      9.3186498E-02  4.8417151E-02 -4.1623116E-03 -4.8334002E-02
 -2.6360750E-03 -5.5378318E-02 -2.2498071E-03 -6.7299366E-02
                   163
 -0.6739558      9.1561437E-02  4.7572494E-02 -4.0899515E-03 -4.7490597E-02
 -2.5902987E-03 -5.4413080E-02 -2.2093058E-03 -6.6126347E-02
                   164
 -0.6746937      8.9964986E-02  4.6742618E-02 -4.0190220E-03 -4.6662688E-02
 -2.5452375E-03 -5.3464770E-02 -2.1682680E-03 -6.4974546E-02
                   165
 -0.6754193      8.8396192E-02  4.5927346E-02 -3.9498806E-03 -4.5848727E-02
 -2.5002956E-03 -5.2533150E-02 -2.1287501E-03 -6.3841343E-02
                   166
 -0.6761319      8.6855173E-02  4.5126081E-02 -3.8815737E-03 -4.5048594E-02
 -2.4571419E-03 -5.1617503E-02 -2.0899773E-03 -6.2728643E-02
                   167
 -0.6768321      8.5340738E-02  4.4339180E-02 -3.8133860E-03 -4.4262767E-02
 -2.4144650E-03 -5.0718307E-02 -2.0526052E-03 -6.1635494E-02
                   168
 -0.6775208      8.3852410E-02  4.3565631E-02 -3.7479401E-03 -4.3490887E-02
 -2.3722649E-03 -4.9833894E-02 -2.0151734E-03 -6.0560703E-02
                   169
 -0.6781970      8.2390308E-02  4.2805612E-02 -3.6834478E-03 -4.2731762E-02
 -2.3311377E-03 -4.8965812E-02 -1.9792318E-03 -5.9504747E-02
                   170
 -0.6788615      8.0953956E-02  4.2059124E-02 -3.6199093E-03 -4.1986704E-02
 -2.2907257E-03 -4.8112273E-02 -1.9429624E-03 -5.8467865E-02
                   171
 -0.6795146      7.9542398E-02  4.1325331E-02 -3.5569668E-03 -4.1254282E-02
 -2.2505522E-03 -4.7273517E-02 -1.9078255E-03 -5.7448387E-02
                   172
 -0.6801564      7.8155279E-02  4.0604472E-02 -3.4950972E-03 -4.0534735E-02
 -2.2114515E-03 -4.6449780E-02 -1.8736124E-03 -5.6447029E-02
                   173
 -0.6807871      7.6792598E-02  3.9896250E-02 -3.4353733E-03 -3.9827108E-02
 -2.1731853E-03 -4.5640349E-02 -1.8398166E-03 -5.5462837E-02
                   174
 -0.6814069      7.5453401E-02  3.9200306E-02 -3.3751726E-03 -3.9132357E-02
 -2.1354556E-03 -4.4844389E-02 -1.8066764E-03 -5.4496288E-02
                   175
 -0.6820158      7.4137807E-02  3.8516581E-02 -3.3165216E-03 -3.8450360E-02
 -2.0976067E-03 -4.4062853E-02 -1.7735660E-03 -5.3546190E-02
                   176
 -0.6826141      7.2844863E-02  3.7844658E-02 -3.2583475E-03 -3.7779927E-02
 -2.0617843E-03 -4.3295145E-02 -1.7410517E-03 -5.2613258E-02
                   177
 -0.6832024      7.1574688E-02  3.7184477E-02 -3.2025576E-03 -3.7120581E-02
 -2.0253658E-03 -4.2540669E-02 -1.7099977E-03 -5.1695347E-02
                   178
 -0.6837800      7.0326567E-02  3.6535859E-02 -3.1471252E-03 -3.6473155E-02
 -1.9903183E-03 -4.1798711E-02 -1.6792715E-03 -5.0794363E-02
                   179
 -0.6843479      6.9100022E-02  3.5898507E-02 -3.0925274E-03 -3.5836458E-02
 -1.9552708E-03 -4.1070223E-02 -1.6492903E-03 -4.9908638E-02
                   180
 -0.6849059      6.7894936E-02  3.5272121E-02 -3.0394793E-03 -3.5211325E-02
 -1.9212365E-03 -4.0354133E-02 -1.6196370E-03 -4.9038649E-02
                   181
 -0.6854538      6.6711187E-02  3.4656823E-02 -2.9857159E-03 -3.4596801E-02
 -1.8883944E-03 -3.9650917E-02 -1.5903413E-03 -4.8183680E-02
                   182
 -0.6859930      6.5547347E-02  3.4052193E-02 -2.9345751E-03 -3.3993483E-02
 -1.8548965E-03 -3.8959503E-02 -1.5615821E-03 -4.7343254E-02
                   183
 -0.6865224      6.4404368E-02  3.3458114E-02 -2.8834343E-03 -3.3400178E-02
 -1.8227696E-03 -3.8280606E-02 -1.5331209E-03 -4.6517849E-02
                   184
 -0.6870425      6.3280821E-02  3.2874525E-02 -2.8337240E-03 -3.2817602E-02
 -1.7908812E-03 -3.7612677E-02 -1.5060306E-03 -4.5706511E-02
                   185
 -0.6875535      6.2177420E-02  3.2300770E-02 -2.7846098E-03 -3.2244921E-02
 -1.7597675E-03 -3.6957264E-02 -1.4791489E-03 -4.4909954E-02
                   186
 -0.6880558      6.1092973E-02  3.1737447E-02 -2.7359724E-03 -3.1682968E-02
 -1.7293692E-03 -3.6313057E-02 -1.4521182E-03 -4.4127226E-02
                   187
 -0.6885494      6.0027838E-02  3.1183779E-02 -2.6884079E-03 -3.1130075E-02
 -1.6991496E-03 -3.5680532E-02 -1.4260709E-03 -4.3357849E-02
                   188
 -0.6890345      5.8980823E-02  3.0639827E-02 -2.6420355E-03 -3.0586839E-02
 -1.6696453E-03 -3.5057425E-02 -1.4007092E-03 -4.2601824E-02
                   189
 -0.6895111      5.7951808E-02  3.0105054E-02 -2.5960207E-03 -3.0053139E-02
 -1.6404390E-03 -3.4446478E-02 -1.3750494E-03 -4.1858435E-02
                   190
 -0.6899796      5.6940675E-02  2.9579878E-02 -2.5509596E-03 -2.9528856E-02
 -1.6117096E-03 -3.3845663E-02 -1.3508201E-03 -4.1128159E-02
                   191
 -0.6904397      5.5947900E-02  2.9064000E-02 -2.5069714E-03 -2.9013395E-02
 -1.5833378E-03 -3.3256173E-02 -1.3265908E-03 -4.0410995E-02
                   192
 -0.6908919      5.4972053E-02  2.8556705E-02 -2.4636984E-03 -2.8507233E-02
 -1.5556216E-03 -3.2676101E-02 -1.3028383E-03 -3.9706230E-02
                   193
 -0.6913362      5.4013371E-02  2.8058589E-02 -2.4209023E-03 -2.8010011E-02
 -1.5287399E-03 -3.2106638E-02 -1.2790561E-03 -3.9014339E-02
                   194
 -0.6917728      5.3071499E-02  2.7568996E-02 -2.3791790E-03 -2.7521491E-02
 -1.5019178E-03 -3.1546474E-02 -1.2566745E-03 -3.8333893E-02
                   195
 -0.6922018      5.2145720E-02  2.7088106E-02 -2.3370981E-03 -2.7041316E-02
 -1.4762282E-03 -3.0996799E-02 -1.2342036E-03 -3.7665844E-02
                   196
 -0.6926233      5.1236272E-02  2.6615560E-02 -2.2963285E-03 -2.6569843E-02
 -1.4500618E-03 -3.0455828E-02 -1.2125969E-03 -3.7008762E-02
                   197
 -0.6930375      5.0342798E-02  2.6151121E-02 -2.2563934E-03 -2.6106000E-02
 -1.4247298E-03 -2.9924989E-02 -1.1901259E-03 -3.6363840E-02
                   198
 -0.6934448      4.9464583E-02  2.5694668E-02 -2.2170544E-03 -2.5650144E-02
 -1.4003515E-03 -2.9403329E-02 -1.1694431E-03 -3.5728693E-02
                   199
 -0.6938447      4.8601747E-02  2.5246620E-02 -2.1791458E-03 -2.5202990E-02
 -1.3754368E-03 -2.8890252E-02 -1.1483133E-03 -3.5105944E-02
                   200
 -0.6942378      4.7753692E-02  2.4805903E-02 -2.1409988E-03 -2.4762750E-02
 -1.3520718E-03 -2.8386235E-02 -1.1276901E-03 -3.4493923E-02
                   201
 -0.6946240      4.6920538E-02  2.4373114E-02 -2.1040440E-03 -2.4331093E-02
 -1.3284087E-03 -2.7891278E-02 -1.1084676E-03 -3.3891439E-02
                   202
 -0.6950035      4.6101809E-02  2.3947835E-02 -2.0672083E-03 -2.3906708E-02
 -1.3051629E-03 -2.7404428E-02 -1.0884404E-03 -3.3300877E-02
                   203
 -0.6953762      4.5298338E-02  2.3530066E-02 -2.0313263E-03 -2.3489714E-02
 -1.2825727E-03 -2.6927114E-02 -1.0689199E-03 -3.2720089E-02
                   204
 -0.6957425      4.4508100E-02  2.3119569E-02 -1.9960403E-03 -2.3080111E-02
 -1.2600422E-03 -2.6457667E-02 -1.0497272E-03 -3.2149792E-02
                   205
 -0.6961027      4.3731570E-02  2.2716105E-02 -1.9619465E-03 -2.2676587E-02
 -1.2382865E-03 -2.5995851E-02 -1.0311007E-03 -3.1588793E-02
                   206
 -0.6964565      4.2968750E-02  2.2319496E-02 -1.9272566E-03 -2.2281051E-02
 -1.2164116E-03 -2.5542617E-02 -1.0127425E-03 -3.1037807E-02
                   207
 -0.6968040      4.2219043E-02  2.1930277E-02 -1.8941164E-03 -2.1892667E-02
 -1.1955500E-03 -2.5097013E-02 -9.9477172E-04 -3.0496359E-02
                   208
 -0.6971457      4.1482687E-02  2.1547556E-02 -1.8609762E-03 -2.1510601E-02
 -1.1749864E-03 -2.4659753E-02 -9.7656250E-04 -2.9964685E-02
                   209
 -0.6974813      4.0758252E-02  2.1171570E-02 -1.8284321E-03 -2.1135211E-02
 -1.1537671E-03 -2.4229050E-02 -9.5981359E-04 -2.9441118E-02
                   210
 -0.6978109      4.0047884E-02  2.0802259E-02 -1.7963648E-03 -2.0766258E-02
 -1.1340976E-03 -2.3806930E-02 -9.4282627E-04 -2.8928280E-02
                   211
 -0.6981351      3.9349556E-02  2.0439327E-02 -1.7653704E-03 -2.0403862E-02
 -1.1138916E-03 -2.3392081E-02 -9.2610717E-04 -2.8423786E-02
                   212
 -0.6984535      3.8663149E-02  2.0082593E-02 -1.7342567E-03 -2.0048022E-02
 -1.0950565E-03 -2.2983551E-02 -9.0891123E-04 -2.7928114E-02
                   213
 -0.6987664      3.7988305E-02  1.9732177E-02 -1.7045736E-03 -1.9698024E-02
 -1.0756254E-03 -2.2583246E-02 -8.9290738E-04 -2.7440786E-02
                   214
 -0.6990740      3.7325621E-02  1.9387782E-02 -1.6748905E-03 -1.9354105E-02
 -1.0569096E-03 -2.2188425E-02 -8.7743998E-04 -2.6961565E-02
                   215
 -0.6993760      3.6674380E-02  1.9049585E-02 -1.6456842E-03 -1.9016504E-02
 -1.0385513E-03 -2.1802068E-02 -8.6158514E-04 -2.6491642E-02
                   216
 -0.6996728      3.6034942E-02  1.8717170E-02 -1.6170740E-03 -1.8684745E-02
 -1.0204315E-03 -2.1421909E-02 -8.4596872E-04 -2.6029587E-02
                   217
 -0.6999645      3.5406232E-02  1.8390596E-02 -1.5888214E-03 -1.8358469E-02
 -1.0022521E-03 -2.1048188E-02 -8.3133578E-04 -2.5575638E-02
                   218
 -0.7002511      3.4788609E-02  1.8069804E-02 -1.5615225E-03 -1.8038273E-02
 -9.8502636E-04 -2.0680785E-02 -8.1673265E-04 -2.5129557E-02
                   219
 -0.7005326      3.4182072E-02  1.7754734E-02 -1.5342236E-03 -1.7723799E-02
 -9.6780062E-04 -2.0320535E-02 -8.0168247E-04 -2.4691820E-02
                   220
 -0.7008094      3.3585191E-02  1.7444789E-02 -1.5075207E-03 -1.7414451E-02
 -9.5123053E-04 -1.9965291E-02 -7.8836083E-04 -2.4259567E-02
                   221
 -0.7010813      3.2999158E-02  1.7140567E-02 -1.4812946E-03 -1.7110705E-02
 -9.3454123E-04 -1.9617438E-02 -7.7465177E-04 -2.3837090E-02
                   222
 -0.7013484      3.2423496E-02  1.6841531E-02 -1.4557838E-03 -1.6812325E-02
 -9.1791153E-04 -1.9275308E-02 -7.6067448E-04 -2.3421526E-02
                   223
 -0.7016110      3.1857729E-02  1.6547680E-02 -1.4307499E-03 -1.6518354E-02
 -9.0211630E-04 -1.8938661E-02 -7.4690580E-04 -2.3012877E-02
                   224
 -0.7018688      3.1302094E-02  1.6258895E-02 -1.4054775E-03 -1.6230583E-02
 -8.8644028E-04 -1.8608332E-02 -7.3358417E-04 -2.2611380E-02
                   225
 -0.7021223      3.0756235E-02  1.5975177E-02 -1.3816357E-03 -1.5947819E-02
 -8.7088346E-04 -1.8284321E-02 -7.2041154E-04 -2.2216797E-02
                   226
 -0.7023712      3.0219674E-02  1.5696466E-02 -1.3568401E-03 -1.5669346E-02
 -8.5616112E-04 -1.7965555E-02 -7.0768595E-04 -2.1830082E-02
                   227
 -0.7026160      2.9691935E-02  1.5422523E-02 -1.3335943E-03 -1.5395880E-02
 -8.4048510E-04 -1.7651677E-02 -6.9561601E-04 -2.1448374E-02
                   228
 -0.7028566      2.9173970E-02  1.5153170E-02 -1.3102293E-03 -1.5127420E-02
 -8.2647800E-04 -1.7343998E-02 -6.8342686E-04 -2.1074533E-02
                   229
 -0.7030928      2.8665185E-02  1.4889061E-02 -1.2873411E-03 -1.4863491E-02
 -8.1169605E-04 -1.7041683E-02 -6.7082047E-04 -2.0707130E-02
                   230
 -0.7033249      2.8165102E-02  1.4629185E-02 -1.2649298E-03 -1.4604092E-02
 -7.9792738E-04 -1.6744494E-02 -6.5863132E-04 -2.0345926E-02
                   231
 -0.7035530      2.7673602E-02  1.4373899E-02 -1.2429953E-03 -1.4349461E-02
 -7.8374147E-04 -1.6452193E-02 -6.4715743E-04 -1.9990921E-02
                   232
 -0.7037773      2.7190566E-02  1.4123082E-02 -1.2214184E-03 -1.4098763E-02
 -7.7009201E-04 -1.6165018E-02 -6.3616037E-04 -1.9641638E-02
                   233
 -0.7039974      2.6716590E-02  1.3876677E-02 -1.1997223E-03 -1.3852477E-02
 -7.5674057E-04 -1.5883327E-02 -6.2453747E-04 -1.9299269E-02
                   234
 -0.7042140      2.6250243E-02  1.3634443E-02 -1.1795759E-03 -1.3610125E-02
 -7.4356794E-04 -1.5605927E-02 -6.1392784E-04 -1.8962145E-02
                   235
 -0.7044263      2.5792360E-02  1.3396740E-02 -1.1584759E-03 -1.3373852E-02
 -7.3039532E-04 -1.5333891E-02 -6.0272217E-04 -1.8632174E-02
                   236
 -0.7046354      2.5342226E-02  1.3162971E-02 -1.1389256E-03 -1.3139963E-02
 -7.1763992E-04 -1.5066266E-02 -5.9232116E-04 -1.8306255E-02
                   237
 -0.7048405      2.4900079E-02  1.2933373E-02 -1.1187792E-03 -1.2910843E-02
 -7.0548058E-04 -1.4803767E-02 -5.8194995E-04 -1.7987251E-02
                   238
 -0.7050425      2.4465322E-02  1.2707412E-02 -1.0993481E-03 -1.2685537E-02
 -6.9284439E-04 -1.4544964E-02 -5.7190657E-04 -1.7673254E-02
                   239
 -0.7052405      2.4038672E-02  1.2485623E-02 -1.0796785E-03 -1.2464404E-02
 -6.8098307E-04 -1.4291286E-02 -5.6138635E-04 -1.7364979E-02
                   240
 -0.7054353      2.3619294E-02  1.2267709E-02 -1.0613203E-03 -1.2246728E-02
 -6.6882372E-04 -1.4042258E-02 -5.5158138E-04 -1.7061949E-02
                   241
 -0.7056267      2.3207068E-02  1.2053549E-02 -1.0423660E-03 -1.2032747E-02
 -6.5720081E-04 -1.3797283E-02 -5.4165721E-04 -1.6764402E-02
                   242
 -0.7058148      2.2801995E-02  1.1843204E-02 -1.0242462E-03 -1.1823416E-02
 -6.4539909E-04 -1.3555884E-02 -5.3238869E-04 -1.6471386E-02
                   243
 -0.7059995      2.2404194E-02  1.1636615E-02 -1.0063648E-03 -1.1616588E-02
 -6.3461065E-04 -1.3319850E-02 -5.2252412E-04 -1.6184568E-02
                   244
 -0.7061810      2.2012949E-02  1.1433482E-02 -9.8931789E-04 -1.1413813E-02
 -6.2346458E-04 -1.3087392E-02 -5.1346421E-04 -1.5901804E-02
                   245
 -0.7063594      2.1629095E-02  1.1234045E-02 -9.7250938E-04 -1.1214375E-02
 -6.1249733E-04 -1.2858868E-02 -5.0482154E-04 -1.5624285E-02
                   246
 -0.7065346      2.1251798E-02  1.1037946E-02 -9.5498562E-04 -1.1018753E-02
 -6.0164928E-04 -1.2634277E-02 -4.9608946E-04 -1.5351772E-02
                   247
 -0.7067068      2.0880938E-02  1.0845482E-02 -9.3877316E-04 -1.0826349E-02
 -5.9157610E-04 -1.2414098E-02 -4.8735738E-04 -1.5083790E-02
                   248
 -0.7068760      2.0516872E-02  1.0656178E-02 -9.2232227E-04 -1.0637283E-02
 -5.8120489E-04 -1.2197614E-02 -4.7865510E-04 -1.4820814E-02
                   249
 -0.7070423      2.0158648E-02  1.0470033E-02 -9.0610981E-04 -1.0451555E-02
 -5.7083368E-04 -1.1984825E-02 -4.7016144E-04 -1.4562368E-02
                   250
 -0.7072055      1.9806862E-02  1.0287523E-02 -8.9037418E-04 -1.0269642E-02
 -5.6076050E-04 -1.1775613E-02 -4.6142936E-04 -1.4308214E-02
                   251
 -0.7073660      1.9461155E-02  1.0107875E-02 -8.7535381E-04 -1.0090590E-02
 -5.5122375E-04 -1.1570334E-02 -4.5350194E-04 -1.4058352E-02
                   252
 -0.7075236      1.9121647E-02  9.9315047E-03 -8.5961819E-04 -9.9140406E-03
 -5.4126978E-04 -1.1368394E-02 -4.4533610E-04 -1.3813257E-02
                   253
 -0.7076786      1.8787861E-02  9.7579956E-03 -8.4459782E-04 -9.7414255E-03
 -5.3215027E-04 -1.1169791E-02 -4.3728948E-04 -1.3572216E-02
                   254
 -0.7078307      1.8460274E-02  9.5877647E-03 -8.3041191E-04 -9.5709562E-03
 -5.2267313E-04 -1.0975242E-02 -4.2995811E-04 -1.3335228E-02
                   255
 -0.7079803      1.8138051E-02  9.4206333E-03 -8.1610680E-04 -9.4038248E-03
 -5.1373243E-04 -1.0783553E-02 -4.2226911E-04 -1.3102531E-02
                   256
 -0.7081274      1.7821431E-02  9.2560649E-03 -8.0156326E-04 -9.2397928E-03
 -5.0443411E-04 -1.0595679E-02 -4.1502714E-04 -1.2874126E-02
                   257
 -0.7082719      1.7510533E-02  9.0944767E-03 -7.8749657E-04 -9.0787411E-03
 -4.9567223E-04 -1.0410428E-02 -4.0796399E-04 -1.2649536E-02
                   258
 -0.7084137      1.7205000E-02  8.9358091E-03 -7.7366829E-04 -8.9204311E-03
 -4.8714876E-04 -1.0228753E-02 -4.0054321E-04 -1.2428999E-02
                   259
 -0.7085533      1.6904712E-02  8.7797642E-03 -7.6031685E-04 -8.7645054E-03
 -4.7856569E-04 -1.0050654E-02 -3.9362907E-04 -1.2211800E-02
                   260
 -0.7086903      1.6609788E-02  8.6266398E-03 -7.4708462E-04 -8.6114407E-03
 -4.7022104E-04 -9.8749399E-03 -3.8689375E-04 -1.1998653E-02
                   261
 -0.7088250      1.6319990E-02  8.4759593E-03 -7.3385239E-04 -8.4618330E-03
 -4.6187639E-04 -9.7025633E-03 -3.7962198E-04 -1.1789322E-02
                   262
 -0.7089572      1.6035318E-02  8.3281994E-03 -7.2181225E-04 -8.3131790E-03
 -4.5359135E-04 -9.5335245E-03 -3.7297606E-04 -1.1583567E-02
                   263
 -0.7090871      1.5755415E-02  8.1827044E-03 -7.0834160E-04 -8.1689358E-03
 -4.4596195E-04 -9.3668699E-03 -3.6647916E-04 -1.1381865E-02
                   264
 -0.7092149      1.5480638E-02  8.0399513E-03 -6.9630146E-04 -8.0261230E-03
 -4.3809414E-04 -9.2040300E-03 -3.5986304E-04 -1.1182785E-02
                   265
 -0.7093403      1.5210509E-02  7.8996420E-03 -6.8366528E-04 -7.8859329E-03
 -4.3046474E-04 -9.0434551E-03 -3.5321712E-04 -1.0988474E-02
                   266
 -0.7094638      1.4944553E-02  7.7615976E-03 -6.7198277E-04 -7.7488422E-03
 -4.2295456E-04 -8.8850260E-03 -3.4734607E-04 -1.0796070E-02
                   267
 -0.7095850      1.4683962E-02  7.6261759E-03 -6.6053867E-04 -7.6134205E-03
 -4.1562319E-04 -8.7304115E-03 -3.4108758E-04 -1.0607958E-02
                   268
 -0.7097039      1.4428020E-02  7.4932575E-03 -6.4885616E-04 -7.4801445E-03
 -4.0847063E-04 -8.5781813E-03 -3.3506751E-04 -1.0422707E-02
                   269
 -0.7098209      1.4176250E-02  7.3624253E-03 -6.3729286E-04 -7.3494911E-03
 -4.0113926E-04 -8.4283352E-03 -3.2967329E-04 -1.0240793E-02
                   270
 -0.7099357      1.3929129E-02  7.2339773E-03 -6.2644482E-04 -7.2216988E-03
 -3.9422512E-04 -8.2813501E-03 -3.2380223E-04 -1.0062456E-02
                   271
 -0.7100487      1.3685822E-02  7.1077347E-03 -6.1583519E-04 -7.0955753E-03
 -3.8737059E-04 -8.1367493E-03 -3.1775236E-04 -9.8865032E-03
                   272
 -0.7101597      1.3446927E-02  6.9838166E-03 -6.0462952E-04 -6.9718361E-03
 -3.8057566E-04 -7.9950094E-03 -3.1232834E-04 -9.7143650E-03
                   273
 -0.7102686      1.3212323E-02  6.8618059E-03 -5.9461594E-04 -6.8500042E-03
 -3.7401915E-04 -7.8552961E-03 -3.0693412E-04 -9.5443726E-03
                   274
 -0.7103760      1.2981415E-02  6.7420006E-03 -5.8400631E-04 -6.7304373E-03
 -3.6740303E-04 -7.7177286E-03 -3.0151010E-04 -9.3779564E-03
                   275
 -0.7104812      1.2755275E-02  6.6244602E-03 -5.7375431E-04 -6.6130161E-03
 -3.6048889E-04 -7.5837374E-03 -2.9653311E-04 -9.2144012E-03
                   276
 -0.7105844      1.2532473E-02  6.5088272E-03 -5.6350231E-04 -6.4979792E-03
 -3.5488605E-04 -7.4514151E-03 -2.9090047E-04 -9.0534687E-03
                   277
 -0.7106862      1.2313843E-02  6.3952804E-03 -5.5396557E-04 -6.3840151E-03
 -3.4862757E-04 -7.3211193E-03 -2.8592348E-04 -8.8953972E-03
                   278
 -0.7107859      1.2099028E-02  6.2838197E-03 -5.4395199E-04 -6.2731504E-03
 -3.4236908E-04 -7.1935654E-03 -2.8100610E-04 -8.7409019E-03
                   279
 -0.7108839      1.1888146E-02  6.1740875E-03 -5.3477287E-04 -6.1639547E-03
 -3.3664703E-04 -7.0682764E-03 -2.7564168E-04 -8.5880756E-03
                   280
 -0.7109805      1.1680245E-02  6.0662031E-03 -5.2535534E-04 -6.0558319E-03
 -3.3068657E-04 -6.9447756E-03 -2.7117133E-04 -8.4378719E-03
                   281
 -0.7110752      1.1476636E-02  5.9603453E-03 -5.1617622E-04 -5.9502125E-03
 -3.2484531E-04 -6.8234205E-03 -2.6625395E-04 -8.2910061E-03
                   282
 -0.7111682      1.1276364E-02  5.8562756E-03 -5.0735474E-04 -5.8463812E-03
 -3.1900406E-04 -6.7044497E-03 -2.6142597E-04 -8.1460476E-03
                   283
 -0.7112597      1.1079669E-02  5.7540536E-03 -4.9877167E-04 -5.7445765E-03
 -3.1352043E-04 -6.5876245E-03 -2.5665760E-04 -8.0039501E-03
                   284
 -0.7113495      1.0885835E-02  5.6537390E-03 -4.8983097E-04 -5.6442022E-03
 -3.0779839E-04 -6.4723492E-03 -2.5260448E-04 -7.8639984E-03
                   285
 -0.7114376      1.0696411E-02  5.5549145E-03 -4.8124790E-04 -5.5456161E-03
 -3.0297041E-04 -6.3596964E-03 -2.4804473E-04 -7.7271461E-03
                   286
 -0.7115244      1.0509729E-02  5.4579377E-03 -4.7314167E-04 -5.4485798E-03
 -2.9748678E-04 -6.2487125E-03 -2.4378300E-04 -7.5924397E-03
                   287
 -0.7116095      1.0325789E-02  5.3627491E-03 -4.6455860E-04 -5.3538084E-03
 -2.9230118E-04 -6.1392784E-03 -2.3937225E-04 -7.4596405E-03
                   288
 -0.7116934      1.0146022E-02  5.2693486E-03 -4.5657158E-04 -5.2603483E-03
 -2.8729439E-04 -6.0324669E-03 -2.3522973E-04 -7.3299408E-03
                   289
 -0.7117755      9.9689960E-03  5.1773787E-03 -4.4810772E-04 -5.1687956E-03
 -2.8252602E-04 -5.9278011E-03 -2.3064017E-04 -7.2019100E-03
                   290
 -0.7118565      9.7949505E-03  5.0870776E-03 -4.4131279E-04 -5.0784349E-03
 -2.7698278E-04 -5.8238506E-03 -2.2664666E-04 -7.0760250E-03
                   291
 -0.7119361      9.6236467E-03  4.9980879E-03 -4.3320656E-04 -4.9897432E-03
 -2.7239323E-04 -5.7218075E-03 -2.2304058E-04 -6.9525242E-03
                   292
 -0.7120141      9.4558001E-03  4.9110055E-03 -4.2533875E-04 -4.9026012E-03
 -2.6768446E-04 -5.6226254E-03 -2.1904707E-04 -6.8316460E-03
                   293
 -0.7120908      9.2906952E-03  4.8253536E-03 -4.1830540E-04 -4.8167706E-03
 -2.6297569E-04 -5.5241585E-03 -2.1556020E-04 -6.7121983E-03
                   294
 -0.7121662      9.1288090E-03  4.7411323E-03 -4.1055679E-04 -4.7327280E-03
 -2.5898218E-04 -5.4278374E-03 -2.1117926E-04 -6.5948963E-03
                   295
 -0.7122403      8.9694262E-03  4.6582818E-03 -4.0364265E-04 -4.6501160E-03
 -2.5379658E-04 -5.3330660E-03 -2.0781159E-04 -6.4795017E-03
                   296
 -0.7123132      8.8129044E-03  4.5769811E-03 -3.9637089E-04 -4.5691729E-03
 -2.4938583E-04 -5.2397251E-03 -2.0417571E-04 -6.3667297E-03
                   297
 -0.7123845      8.6591244E-03  4.4969916E-03 -3.8945675E-04 -4.4894218E-03
 -2.4491549E-04 -5.1485300E-03 -2.0048022E-04 -6.2556267E-03
                   298
 -0.7124546      8.5079670E-03  4.4186115E-03 -3.8278103E-04 -4.4112206E-03
 -2.4104118E-04 -5.0590038E-03 -1.9678473E-04 -6.1464310E-03
                   299
 -0.7125236      8.3597898E-03  4.3417215E-03 -3.7658215E-04 -4.3345690E-03
 -2.3627281E-04 -4.9707890E-03 -1.9368529E-04 -6.0396194E-03
                   300
 -0.7125915      8.2138777E-03  4.2657256E-03 -3.6942959E-04 -4.2586327E-03
 -2.3269653E-04 -4.8842430E-03 -1.8993020E-04 -5.9342384E-03
                   301
 -0.7126582      8.0703497E-03  4.1913986E-03 -3.6358833E-04 -4.1842461E-03
 -2.2876263E-04 -4.7985315E-03 -1.8677115E-04 -5.8300495E-03
                   302
 -0.7127237      7.9294443E-03  4.1183233E-03 -3.5715103E-04 -4.1111708E-03
 -2.2405386E-04 -4.7148466E-03 -1.8322468E-04 -5.7289600E-03
                   303
 -0.7127878      7.7910423E-03  4.0462017E-03 -3.5035610E-04 -4.0392876E-03
 -2.2071600E-04 -4.6324730E-03 -1.8006563E-04 -5.6281090E-03
                   304
 -0.7128510      7.6553822E-03  3.9756894E-03 -3.4487247E-04 -3.9688349E-03
 -2.1696091E-04 -4.5521259E-03 -1.7750263E-04 -5.5303574E-03
                   305
 -0.7129132      7.5219870E-03  3.9063692E-03 -3.3891201E-04 -3.8993359E-03
 -2.1326542E-04 -4.4727325E-03 -1.7443299E-04 -5.4340363E-03
                   306
 -0.7129743      7.3908567E-03  3.8383603E-03 -3.3283234E-04 -3.8318634E-03
 -2.0885468E-04 -4.3944120E-03 -1.7061830E-04 -5.3393841E-03
                   307
 -0.7130342      7.2610378E-03  3.7710071E-03 -3.2675266E-04 -3.7646294E-03
 -2.0581484E-04 -4.3174028E-03 -1.6829371E-04 -5.2456856E-03
                   308
 -0.7130931      7.1350336E-03  3.7053823E-03 -3.2091141E-04 -3.6990643E-03
 -2.0182133E-04 -4.2426586E-03 -1.6564131E-04 -5.1543713E-03
                   309
 -0.7131510      7.0105791E-03  3.6406517E-03 -3.1590462E-04 -3.6342144E-03
 -1.9901991E-04 -4.1681528E-03 -1.6260147E-04 -5.0642490E-03
                   310
 -0.7132080      6.8879128E-03  3.5771728E-03 -3.1006336E-04 -3.5710335E-03
 -1.9478798E-04 -4.0955544E-03 -1.5959144E-04 -4.9762726E-03
                   311
 -0.7132638      6.7678690E-03  3.5145283E-03 -3.0457973E-04 -3.5083294E-03
 -1.9180775E-04 -4.0237904E-03 -1.5690923E-04 -4.8894882E-03
                   312
 -0.7133188      6.6499710E-03  3.4534931E-03 -2.9921532E-04 -3.4475327E-03
 -1.8823147E-04 -3.9539337E-03 -1.5312433E-04 -4.8041344E-03
                   313
 -0.7133726      6.5335035E-03  3.3929348E-03 -2.9385090E-04 -3.3873320E-03
 -1.8477440E-04 -3.8846731E-03 -1.5154481E-04 -4.7199726E-03
                   314
 -0.7134258      6.4198971E-03  3.3338666E-03 -2.8896332E-04 -3.3280849E-03
 -1.8197298E-04 -3.8170815E-03 -1.4919043E-04 -4.6377182E-03
                   315
   1.040000       1.025000       1.025000       1.025789       1.012655    
   1.032353       1.015882       1.025769      0.9956309    
<end of output>
Test time =   0.01 sec
----------------------------------------------------------
Test Passed.
"NLPFTESTS" end time: May 28 19:17 CST
"NLPFTESTS" time elapsed: 00:00:00
----------------------------------------------------------

End testing: May 28 19:17 CST
