Start testing: May 28 19:57 CST
----------------------------------------------------------
4/5 Testing: NLPFTESTS
4/5 Test: NLPFTESTS
Command: "/home/sebastian/Project/POWERSYSDYN/FORTRAN SCRIPTS/MACHINE-DYNAMIC-SIMULATION/cmake-build-debug/bin/NLPFTESTS"
Directory: /home/sebastian/Project/POWERSYSDYN/FORTRAN SCRIPTS/MACHINE-DYNAMIC-SIMULATION/cmake-build-debug/Testing
"NLPFTESTS" start time: May 28 19:57 CST
Output:
----------------------------------------------------------
 -1.2084452E-02   1.600492      0.8345718     -5.6598902E-02 -0.8390815    
 -3.9166689E-02 -0.9485970     -5.2823663E-02  -1.159586    
                     1
 -2.3601964E-02   1.572672      0.8200622     -5.5369973E-02 -0.8251175    
 -3.7870288E-02 -0.9328674     -5.1038504E-02  -1.139747    
                     2
 -3.4979016E-02   1.545250      0.8057576     -5.4774761E-02 -0.8105041    
 -3.7423730E-02 -0.9165212     -5.0142646E-02  -1.119627    
                     3
 -4.6180319E-02   1.518314      0.7917049     -5.4176211E-02 -0.7961569    
 -3.6975265E-02 -0.9004706     -4.9256086E-02  -1.099878    
                     4
 -5.7208151E-02   1.491853      0.7778994     -5.3571701E-02 -0.7820736    
 -3.6525726E-02 -0.8847094     -4.8378587E-02  -1.080492    
                     5
 -6.8064861E-02   1.465861      0.7643366     -5.2962899E-02 -0.7682477    
 -3.6073565E-02 -0.8692331     -4.7510624E-02  -1.061461    
                     6
 -7.8752764E-02   1.440327      0.7510123     -5.2351952E-02 -0.7546747    
 -3.5620809E-02 -0.8540353     -4.6651006E-02  -1.042779    
                     7
 -8.9274190E-02   1.415244      0.7379220     -5.1736832E-02 -0.7413497    
 -3.5166860E-02 -0.8391105     -4.5800924E-02  -1.024438    
                     8
 -9.9631421E-02   1.390603      0.7250614     -5.1120162E-02 -0.7282678    
 -3.4712553E-02 -0.8244537     -4.4961095E-02  -1.006431    
                     9
 -0.1098267       1.366395      0.7124265     -5.0501823E-02 -0.7154226    
 -3.4258246E-02 -0.8100607     -4.4130921E-02 -0.9887519    
                    10
 -0.1198623       1.342614      0.7000132     -4.9882412E-02 -0.7028116    
 -3.3804297E-02 -0.7959239     -4.3311596E-02 -0.9713936    
                    11
 -0.1297403       1.319251      0.6878175     -4.9263716E-02 -0.6904283    
 -3.3352017E-02 -0.7820395     -4.2502761E-02 -0.9543488    
                    12
 -0.1394632       1.296297      0.6758353     -4.8643947E-02 -0.6782690    
 -3.2900095E-02 -0.7684031     -4.1705370E-02 -0.9376132    
                    13
 -0.1490328       1.273747      0.6640631     -4.8025250E-02 -0.6663297    
 -3.2450199E-02 -0.7550089     -4.0918589E-02 -0.9211791    
                    14
 -0.1584516       1.251593      0.6524969     -4.7407389E-02 -0.6546056    
 -3.2001376E-02 -0.7418531     -4.0143132E-02 -0.9050407    
                    15
 -0.1677214       1.229826      0.6411330     -4.6791196E-02 -0.6430935    
 -3.1555176E-02 -0.7289312     -3.9379239E-02 -0.8891931    
                    16
 -0.1768446       1.208441      0.6299680     -4.6176076E-02 -0.6317877    
 -3.1111598E-02 -0.7162385     -3.8626790E-02 -0.8736296    
                    17
 -0.1858232       1.187431      0.6189982     -4.5564532E-02 -0.6206852    
 -3.0670047E-02 -0.7037698     -3.7885427E-02 -0.8583446    
                    18
 -0.1946592       1.166788      0.6082200     -4.4954419E-02 -0.6097821    
 -3.0231476E-02 -0.6915220     -3.7156284E-02 -0.8433340    
                    19
 -0.2033546       1.146506      0.5976303     -4.4347525E-02 -0.5990747    
 -2.9795527E-02 -0.6794907     -3.6438525E-02 -0.8285911    
                    20
 -0.2119116       1.126578      0.5872254     -4.3744087E-02 -0.5885574    
 -2.9363275E-02 -0.6676719     -3.5731673E-02 -0.8141117    
                    21
 -0.2203322       1.106998      0.5770023     -4.3143272E-02 -0.5782303    
 -2.8933525E-02 -0.6560611     -3.5036922E-02 -0.7998900    
                    22
 -0.2286182       1.087761      0.5669577     -4.2546630E-02 -0.5680869    
 -2.8507590E-02 -0.6446548     -3.4354270E-02 -0.7859218    
                    23
 -0.2367716       1.068859      0.5570883     -4.1954160E-02 -0.5581239    
 -2.8085828E-02 -0.6334492     -3.3682108E-02 -0.7722011    
                    24
 -0.2447944       1.050287      0.5473911     -4.1364670E-02 -0.5483388    
 -2.7667284E-02 -0.6224405     -3.3022404E-02 -0.7587254    
                    25
 -0.2526885       1.032039      0.5378631     -4.0780663E-02 -0.5387288    
 -2.7252197E-02 -0.6116253     -3.2373905E-02 -0.7454879    
                    26
 -0.2604557       1.014108      0.5285013     -4.0200591E-02 -0.5292889    
 -2.6841640E-02 -0.6009998     -3.1736314E-02 -0.7324846    
                    27
 -0.2680981      0.9964907      0.5193026     -3.9625049E-02 -0.5200171    
 -2.6434898E-02 -0.5905600     -3.1110823E-02 -0.7197113    
                    28
 -0.2756173      0.9791799      0.5102644     -3.9054632E-02 -0.5109098    
 -2.6032448E-02 -0.5803034     -3.0496240E-02 -0.7071650    
                    29
 -0.2830153      0.9621704      0.5013835     -3.8489342E-02 -0.5019644    
 -2.5634170E-02 -0.5702263     -2.9892445E-02 -0.6948395    
                    30
 -0.2902936      0.9454570      0.4926575     -3.7928700E-02 -0.4931777    
 -2.5239825E-02 -0.5603259     -2.9299378E-02 -0.6827312    
                    31
 -0.2974544      0.9290343      0.4840835     -3.7373304E-02 -0.4845465    
 -2.4849892E-02 -0.5505983     -2.8717637E-02 -0.6708367    
                    32
 -0.3044991      0.9128976      0.4756589     -3.6823034E-02 -0.4760678    
 -2.4464607E-02 -0.5410408     -2.8146744E-02 -0.6591518    
                    33
 -0.3114297      0.8970416      0.4673810     -3.6278844E-02 -0.4677396    
 -2.4083495E-02 -0.5316499     -2.7586639E-02 -0.6476729    
                    34
 -0.3182478      0.8814610      0.4592472     -3.5738707E-02 -0.4595590    
 -2.3706675E-02 -0.5224223     -2.7037442E-02 -0.6363950    
                    35
 -0.3249550      0.8661516      0.4512551     -3.5205722E-02 -0.4515216    
 -2.3333907E-02 -0.5133574     -2.6497126E-02 -0.6253159    
                    36
 -0.3315531      0.8511080      0.4434020     -3.4677744E-02 -0.4436277    
 -2.2966623E-02 -0.5044487     -2.5968850E-02 -0.6144314    
                    37
 -0.3380437      0.8363258      0.4356858     -3.4154892E-02 -0.4358729    
 -2.2603631E-02 -0.4956961     -2.5449157E-02 -0.6037376    
                    38
 -0.3444284      0.8218003      0.4281037     -3.3638477E-02 -0.4282541    
 -2.2245169E-02 -0.4870960     -2.4940848E-02 -0.5932317    
                    39
 -0.3507089      0.8075276      0.4206537     -3.3127546E-02 -0.4207698    
 -2.1891236E-02 -0.4786451     -2.4440885E-02 -0.5829101    
                    40
 -0.3568867      0.7935023      0.4133334     -3.2622814E-02 -0.4134175    
 -2.1541476E-02 -0.4703417     -2.3952425E-02 -0.5727687    
                    41
 -0.3629635      0.7797210      0.4061404     -3.2123208E-02 -0.4061952    
 -2.1196604E-02 -0.4621824     -2.3472369E-02 -0.5628049    
                    42
 -0.3689409      0.7661787      0.3990725     -3.1630397E-02 -0.3990992    
 -2.0856023E-02 -0.4541647     -2.3001969E-02 -0.5530162    
                    43
 -0.3748200      0.7528715      0.3921277     -3.1143069E-02 -0.3921282    
 -2.0520329E-02 -0.4462876     -2.2540927E-02 -0.5433977    
                    44
 -0.3806027      0.7397953      0.3853036     -3.0661583E-02 -0.3852800    
 -2.0189047E-02 -0.4385458     -2.2088945E-02 -0.5339484    
                    45
 -0.3862904      0.7269459      0.3785981     -3.0185342E-02 -0.3785521    
 -1.9861698E-02 -0.4309398     -2.1645606E-02 -0.5246632    
                    46
 -0.3918847      0.7143195      0.3720091     -2.9715896E-02 -0.3719420    
 -1.9539833E-02 -0.4234645     -2.1211147E-02 -0.5155406    
                    47
 -0.3973866      0.7019122      0.3655350     -2.9251695E-02 -0.3654492    
 -1.9221306E-02 -0.4161198     -2.0786285E-02 -0.5065773    
                    48
 -0.4027980      0.6897206      0.3591735     -2.8794169E-02 -0.3590691    
 -1.8908620E-02 -0.4089023     -2.0369172E-02 -0.4977708    
                    49
 -0.4081201      0.6777398      0.3529225     -2.8341770E-02 -0.3528013    
 -1.8599153E-02 -0.4018102     -1.9960880E-02 -0.4891174    
                    50
 -0.4133544      0.6659674      0.3467802     -2.7895689E-02 -0.3466442    
 -1.8294811E-02 -0.3948411     -1.9560575E-02 -0.4806149    
                    51
 -0.4185022      0.6543989      0.3407446     -2.7455568E-02 -0.3405941    
 -1.7994761E-02 -0.3879918     -1.9168437E-02 -0.4722605    
                    52
 -0.4235647      0.6430312      0.3348143     -2.7020931E-02 -0.3346510    
 -1.7698765E-02 -0.3812633     -1.8784285E-02 -0.4640520    
                    53
 -0.4285433      0.6318610      0.3289869     -2.6592016E-02 -0.3288115    
 -1.7406821E-02 -0.3746499     -1.8407881E-02 -0.4559870    
                    54
 -0.4334397      0.6208839      0.3232608     -2.6169300E-02 -0.3230737    
 -1.7119646E-02 -0.3681517     -1.8039286E-02 -0.4480612    
                    55
 -0.4382547      0.6100973      0.3176343     -2.5751472E-02 -0.3174381    
 -1.6836524E-02 -0.3617666     -1.7677963E-02 -0.4402740    
                    56
 -0.4429899      0.5994982      0.3121057     -2.5340796E-02 -0.3118992    
 -1.6557693E-02 -0.3554910     -1.7324507E-02 -0.4326227    
                    57
 -0.4476464      0.5890825      0.3066732     -2.4934769E-02 -0.3064585    
 -1.6282678E-02 -0.3493246     -1.6977549E-02 -0.4251041    
                    58
 -0.4522254      0.5788472      0.3013350     -2.4533987E-02 -0.3011125    
 -1.6011715E-02 -0.3432649     -1.6638100E-02 -0.4177163    
                    59
 -0.4567283      0.5687896      0.2960896     -2.4139047E-02 -0.2958606    
 -1.5745997E-02 -0.3373103     -1.6305864E-02 -0.4104569    
                    60
 -0.4611562      0.5589064      0.2909355     -2.3751259E-02 -0.2907000    
 -1.5483022E-02 -0.3314594     -1.5980124E-02 -0.4033239    
                    61
 -0.4655101      0.5491953      0.2858711     -2.3366928E-02 -0.2856296    
 -1.5224934E-02 -0.3257092     -1.5660584E-02 -0.3963158    
                    62
 -0.4697916      0.5396515      0.2808945     -2.2988915E-02 -0.2806485    
 -1.4970541E-02 -0.3200587     -1.5348077E-02 -0.3894281    
                    63
 -0.4740016      0.5302737      0.2760047     -2.2615910E-02 -0.2757543    
 -1.4719963E-02 -0.3145063     -1.5041769E-02 -0.3826611    
                    64
 -0.4781412      0.5210586      0.2711999     -2.2249103E-02 -0.2709452    
 -1.4472842E-02 -0.3090494     -1.4742374E-02 -0.3760116    
                    65
 -0.4822115      0.5120028      0.2664785     -2.1886826E-02 -0.2662210    
 -1.4229774E-02 -0.3036872     -1.4448643E-02 -0.3694770    
                    66
 -0.4862140      0.5031041      0.2618390     -2.1530390E-02 -0.2615783    
 -1.3991237E-02 -0.2984176     -1.4161646E-02 -0.3630564    
                    67
 -0.4901493      0.4943606      0.2572806     -2.1179199E-02 -0.2570181    
 -1.3755441E-02 -0.2932401     -1.3880014E-02 -0.3567474    
                    68
 -0.4940188      0.4857677      0.2528012     -2.0833135E-02 -0.2525362    
 -1.3523459E-02 -0.2881514     -1.3603926E-02 -0.3505473    
                    69
 -0.4978232      0.4773241      0.2483996     -2.0491719E-02 -0.2481322    
 -1.3296127E-02 -0.2831509     -1.3333917E-02 -0.3444555    
                    70
 -0.5015640      0.4690268      0.2440748     -2.0155311E-02 -0.2438064    
 -1.3070822E-02 -0.2782370     -1.3070285E-02 -0.3384693    
                    71
 -0.5052419      0.4608737      0.2398249     -1.9824266E-02 -0.2395558    
 -1.2850404E-02 -0.2734082     -1.2810469E-02 -0.3325880    
                    72
 -0.5088580      0.4528620      0.2356490     -1.9498706E-02 -0.2353787    
 -1.2633681E-02 -0.2686628     -1.2557566E-02 -0.3268073    
                    73
 -0.5124133      0.4449892      0.2315457     -1.9177675E-02 -0.2312756    
 -1.2419581E-02 -0.2639999     -1.2309372E-02 -0.3211274    
                    74
 -0.5159088      0.4372530      0.2275139     -1.8860817E-02 -0.2272435    
 -1.2209296E-02 -0.2594180     -1.2065530E-02 -0.3155472    
                    75
 -0.5193456      0.4296508      0.2235521     -1.8550396E-02 -0.2232819    
 -1.2002110E-02 -0.2549149     -1.1827826E-02 -0.3100626    
                    76
 -0.5227243      0.4221805      0.2196591     -1.8243313E-02 -0.2193888    
 -1.1798263E-02 -0.2504903     -1.1594534E-02 -0.3046734    
                    77
 -0.5260462      0.4148400      0.2158339     -1.7941117E-02 -0.2155644    
 -1.1597991E-02 -0.2461418     -1.1365354E-02 -0.2993782    
                    78
 -0.5293121      0.4076263      0.2120752     -1.7643571E-02 -0.2118071    
 -1.1401057E-02 -0.2418683     -1.1142075E-02 -0.2941747    
                    79
 -0.5325230      0.4005380      0.2083820     -1.7350912E-02 -0.2081143    
 -1.1206388E-02 -0.2376689     -1.0923505E-02 -0.2890611    
                    80
 -0.5356796      0.3935729      0.2047527     -1.7062426E-02 -0.2044867    
 -1.1015654E-02 -0.2335418     -1.0708928E-02 -0.2840366    
                    81
 -0.5387830      0.3867282      0.2011867     -1.6778708E-02 -0.2009215    
 -1.0828376E-02 -0.2294873     -1.0498464E-02 -0.2790992    
                    82
 -0.5418338      0.3800025      0.1976828     -1.6499877E-02 -0.1974188    
 -1.0643721E-02 -0.2255018     -1.0292232E-02 -0.2742476    
                    83
 -0.5448329      0.3733933      0.1942396     -1.6224623E-02 -0.1939777    
 -1.0462284E-02 -0.2215862     -1.0091245E-02 -0.2694802    
                    84
 -0.5477814      0.3668991      0.1908565     -1.5953422E-02 -0.1905966    
 -1.0283470E-02 -0.2177386     -9.8935962E-03 -0.2647958    
                    85
 -0.5506800      0.3605176      0.1875324     -1.5687704E-02 -0.1872731    
 -1.0107756E-02 -0.2139570     -9.7001195E-03 -0.2601922    
                    86
 -0.5535296      0.3542466      0.1842657     -1.5425205E-02 -0.1840097    
 -9.9345446E-03 -0.2102405     -9.5111132E-03 -0.2556682    
                    87
 -0.5563308      0.3480846      0.1810560     -1.5166521E-02 -0.1808017    
 -9.7656250E-03 -0.2065889     -9.3256831E-03 -0.2512238    
                    88
 -0.5590847      0.3420293      0.1779023     -1.4912963E-02 -0.1776501    
 -9.5977783E-03 -0.2030002     -9.1434717E-03 -0.2468555    
                    89
 -0.5617917      0.3360791      0.1748033     -1.4662862E-02 -0.1745534    
 -9.4332695E-03 -0.1994743     -8.9657903E-03 -0.2425637    
                    90
 -0.5644526      0.3302324      0.1717582     -1.4416933E-02 -0.1715107    
 -9.2718601E-03 -0.1960093     -8.7907910E-03 -0.2383463    
                    91
 -0.5670686      0.3244869      0.1687660     -1.4174581E-02 -0.1685210    
 -9.1133118E-03 -0.1926033     -8.6207986E-03 -0.2342014    
                    92
 -0.5696403      0.3188412      0.1658261     -1.3937116E-02 -0.1655824    
 -8.9569092E-03 -0.1892571     -8.4528923E-03 -0.2301285    
                    93
 -0.5721680      0.3132933      0.1629371     -1.3702154E-02 -0.1626971    
 -8.8028908E-03 -0.1859686     -8.2893372E-03 -0.2261264    
                    94
 -0.5746528      0.3078420      0.1600984     -1.3471127E-02 -0.1598607    
 -8.6516142E-03 -0.1827376     -8.1289411E-03 -0.2221947    
                    95
 -0.5770954      0.3024856      0.1573092     -1.3244390E-02 -0.1570743    
 -8.5030794E-03 -0.1795620     -7.9711676E-03 -0.2183306    
                    96
 -0.5794963      0.2972218      0.1545684     -1.3020754E-02 -0.1543361    
 -8.3569288E-03 -0.1764420     -7.8175068E-03 -0.2145333    
                    97
 -0.5818565      0.2920494      0.1518753     -1.2800932E-02 -0.1516455    
 -8.2136393E-03 -0.1733755     -7.6667666E-03 -0.2108023    
                    98
 -0.5841766      0.2869669      0.1492290     -1.2585163E-02 -0.1490022    
 -8.0723763E-03 -0.1703624     -7.5191855E-03 -0.2071354    
                    99
 -0.5864570      0.2819726      0.1466290     -1.2372851E-02 -0.1464050    
 -7.9329014E-03 -0.1674012     -7.3740482E-03 -0.2035327    
                   100
 -0.5886984      0.2770652      0.1440740     -1.2163162E-02 -0.1438528    
 -7.7966452E-03 -0.1644919     -7.2321892E-03 -0.1999927    
                   101
 -0.5909019      0.2722425      0.1415636     -1.1957169E-02 -0.1413453    
 -7.6621771E-03 -0.1616322     -7.0938468E-03 -0.1965137    
                   102
 -0.5930678      0.2675041      0.1390967     -1.1755347E-02 -0.1388811    
 -7.5304508E-03 -0.1588227     -6.9573522E-03 -0.1930947    
                   103
 -0.5951964      0.2628478      0.1366729     -1.1555314E-02 -0.1364596    
 -7.4007511E-03 -0.1560618     -6.8238378E-03 -0.1897364    
                   104
 -0.5972890      0.2582724      0.1342914     -1.1360407E-02 -0.1340809    
 -7.2731972E-03 -0.1533482     -6.6930652E-03 -0.1864350    
                   105
 -0.5993454      0.2537766      0.1319511     -1.1166692E-02 -0.1317443    
 -7.1474314E-03 -0.1506823     -6.5649152E-03 -0.1831923    
                   106
 -0.6013670      0.2493585      0.1296517     -1.0977149E-02 -0.1294470    
 -7.0246458E-03 -0.1480623     -6.4398050E-03 -0.1800044    
                   107
 -0.6033542      0.2450176      0.1273922     -1.0790706E-02 -0.1271904    
 -6.9029331E-03 -0.1454883     -6.3166618E-03 -0.1768727    
                   108
 -0.6053073      0.2407523      0.1251723     -1.0607481E-02 -0.1249735    
 -6.7837238E-03 -0.1429582     -6.1959624E-03 -0.1737955    
                   109
 -0.6072270      0.2365605      0.1229906     -1.0426879E-02 -0.1227946    
 -6.6665411E-03 -0.1404729     -6.0780048E-03 -0.1707706    
                   110
 -0.6091137      0.2324419      0.1208474     -1.0249853E-02 -0.1206536    
 -6.5512657E-03 -0.1380298     -5.9619546E-03 -0.1677999    
                   111
 -0.6109682      0.2283949      0.1187410     -1.0074854E-02 -0.1185504    
 -6.4386129E-03 -0.1356293     -5.8484674E-03 -0.1648800    
                   112
 -0.6127910      0.2244178      0.1166716     -9.9033117E-03 -0.1164834    
 -6.3272715E-03 -0.1332695     -5.7380795E-03 -0.1620104    
                   113
 -0.6145827      0.2205100      0.1146380     -9.7346306E-03 -0.1144530    
 -6.2174797E-03 -0.1309519     -5.6288540E-03 -0.1591907    
                   114
 -0.6163436      0.2166704      0.1126397     -9.5691681E-03 -0.1124569    
 -6.1103106E-03 -0.1286744     -5.5225194E-03 -0.1564205    
                   115
 -0.6180741      0.2128977      0.1106765     -9.4056129E-03 -0.1104966    
 -6.0046911E-03 -0.1264362     -5.4177642E-03 -0.1536984    
                   116
 -0.6197753      0.2091898      0.1087473     -9.2451572E-03 -0.1085701    
 -5.9003830E-03 -0.1242366     -5.3150654E-03 -0.1510229    
                   117
 -0.6214469      0.2055470      0.1068519     -9.0878010E-03 -0.1066773    
 -5.7982206E-03 -0.1220756     -5.2150488E-03 -0.1483946    
                   118
 -0.6230902      0.2019671      0.1049892     -8.9317560E-03 -0.1048175    
 -5.6982040E-03 -0.1199515     -5.1166713E-03 -0.1458120    
                   119
 -0.6247051      0.1984500      0.1031594     -8.7800026E-03 -0.1029900    
 -5.5994987E-03 -0.1178651     -5.0199032E-03 -0.1432734    
                   120
 -0.6262924      0.1949937      0.1013611     -8.6293221E-03 -0.1011943    
 -5.5024624E-03 -0.1158142     -4.9256086E-03 -0.1407797    
                   121
 -0.6278524      0.1915975      9.9593937E-02 -8.4813833E-03 -9.9430323E-02
 -5.4072142E-03 -0.1137986     -4.8325956E-03 -0.1383290    
                   122
 -0.6293856      0.1882602      9.7857893E-02 -8.3360672E-03 -9.7696424E-02
 -5.3135157E-03 -0.1118193     -4.7422945E-03 -0.1359210    
                   123
 -0.6308926      0.1849808      9.6151948E-02 -8.1938505E-03 -9.5992684E-02
 -5.2214861E-03 -0.1098726     -4.6530366E-03 -0.1335542    
                   124
 -0.6323736      0.1817590      9.4475865E-02 -8.0535412E-03 -9.4319463E-02
 -5.1308870E-03 -0.1079609     -4.5655668E-03 -0.1312296    
                   125
 -0.6338292      0.1785928      9.2828810E-02 -7.9162121E-03 -9.2674494E-02
 -5.0420761E-03 -0.1060822     -4.4806302E-03 -0.1289444    
                   126
 -0.6352594      0.1754822      9.1210485E-02 -7.7800751E-03 -9.1058969E-02
 -4.9546957E-03 -0.1042359     -4.3963194E-03 -0.1266999    
                   127
 -0.6366656      0.1724252      8.9620352E-02 -7.6470375E-03 -8.9470863E-02
 -4.8687458E-03 -0.1024218     -4.3143630E-03 -0.1244938    
                   128
 -0.6380473      0.1694214      8.8057876E-02 -7.5156689E-03 -8.7911129E-02
 -4.7836304E-03 -0.1006396     -4.2333305E-03 -0.1223257    
                   129
 -0.6394054      0.1664698      8.6522520E-02 -7.3862076E-03 -8.6378336E-02
 -4.7008991E-03 -9.8887086E-02 -4.1547418E-03 -0.1201961    
                   130
 -0.6407399      0.1635696      8.5013807E-02 -7.2599649E-03 -8.4871531E-02
 -4.6197176E-03 -9.7166061E-02 -4.0775239E-03 -0.1181026    
                   131
 -0.6420515      0.1607205      8.3531737E-02 -7.1349144E-03 -8.3391905E-02
 -4.5397282E-03 -9.5475078E-02 -4.0013492E-03 -0.1160462    
                   132
 -0.6433407      0.1579198      8.2075477E-02 -7.0124865E-03 -8.1938148E-02
 -4.4606924E-03 -9.3813181E-02 -3.9266944E-03 -0.1140256    
                   133
 -0.6446075      0.1551684      8.0644429E-02 -6.8922043E-03 -8.0508828E-02
 -4.3835640E-03 -9.2180133E-02 -3.8532317E-03 -0.1120396    
                   134
 -0.6458524      0.1524645      7.9238355E-02 -6.7734718E-03 -7.9105735E-02
 -4.3073893E-03 -9.0575337E-02 -3.7818551E-03 -0.1100883    
                   135
 -0.6470762      0.1498077      7.7856660E-02 -6.6576004E-03 -7.7725768E-02
 -4.2324066E-03 -8.8998437E-02 -3.7112236E-03 -0.1081710    
                   136
 -0.6482785      0.1471977      7.6499224E-02 -6.5430403E-03 -7.6370001E-02
 -4.1589737E-03 -8.7448597E-02 -3.6426783E-03 -0.1062875    
                   137
 -0.6494604      0.1446328      7.5165153E-02 -6.4305067E-03 -7.5038552E-02
 -4.0866137E-03 -8.5926175E-02 -3.5753846E-03 -0.1044359    
                   138
 -0.6506217      0.1421126      7.3854506E-02 -6.3203573E-03 -7.3729515E-02
 -4.0156841E-03 -8.4430456E-02 -3.5083592E-03 -0.1026173    
                   139
 -0.6517630      0.1396362      7.2566748E-02 -6.2116385E-03 -7.2443962E-02
 -3.9459467E-03 -8.2960010E-02 -3.4436285E-03 -0.1008296    
                   140
 -0.6528848      0.1372025      7.1301341E-02 -6.1038733E-03 -7.1180344E-02
 -3.8775206E-03 -8.1515551E-02 -3.3803284E-03 -9.9073410E-02
                   141
 -0.6539871      0.1348118      7.0058107E-02 -5.9993267E-03 -6.9939733E-02
 -3.8100481E-03 -8.0096006E-02 -3.3176243E-03 -9.7347260E-02
                   142
 -0.6550704      0.1324626      6.8836510E-02 -5.8954954E-03 -6.8719983E-02
 -3.7441254E-03 -7.8701258E-02 -3.2564104E-03 -9.5651865E-02
                   143
 -0.6561350      0.1301539      6.7635953E-02 -5.7946444E-03 -6.7520618E-02
 -3.6793947E-03 -7.7330351E-02 -3.1961799E-03 -9.3985319E-02
                   144
 -0.6571813      0.1278855      6.6456437E-02 -5.6943893E-03 -6.6344261E-02
 -3.6146641E-03 -7.5983644E-02 -3.1374693E-03 -9.2348099E-02
                   145
 -0.6582094      0.1256566      6.5297663E-02 -5.5966377E-03 -6.5186501E-02
 -3.5521984E-03 -7.4660301E-02 -3.0798316E-03 -9.0739012E-02
                   146
 -0.6592197      0.1234666      6.4158797E-02 -5.5001974E-03 -6.4049959E-02
 -3.4909248E-03 -7.3360205E-02 -3.0229390E-03 -8.9158773E-02
                   147
 -0.6602126      0.1213151      6.3040197E-02 -5.4049492E-03 -6.2933087E-02
 -3.4298897E-03 -7.2082520E-02 -2.9673278E-03 -8.7605953E-02
                   148
 -0.6611887      0.1192001      6.1940670E-02 -5.3124428E-03 -6.1834812E-02
 -3.3699274E-03 -7.0826888E-02 -2.9121935E-03 -8.6078405E-02
                   149
 -0.6621478      0.1171227      6.0860455E-02 -5.2195787E-03 -6.0757041E-02
 -3.3117533E-03 -6.9593310E-02 -2.8597713E-03 -8.4578991E-02
                   150
 -0.6630902      0.1150813      5.9799194E-02 -5.1304102E-03 -5.9696913E-02
 -3.2539368E-03 -6.8380713E-02 -2.8068125E-03 -8.3105803E-02
                   151
 -0.6640160      0.1130749      5.8756113E-02 -5.0408840E-03 -5.8655620E-02
 -3.1974316E-03 -6.7189693E-02 -2.7556419E-03 -8.1657648E-02
                   152
 -0.6649261      0.1111044      5.7731450E-02 -4.9544573E-03 -5.7633519E-02
 -3.1415224E-03 -6.6019058E-02 -2.7047694E-03 -8.0234766E-02
                   153
 -0.6658205      0.1091672      5.6724548E-02 -4.8682690E-03 -5.6627989E-02
 -3.0871630E-03 -6.4869165E-02 -2.6558638E-03 -7.8836203E-02
                   154
 -0.6666994      0.1072648      5.5735290E-02 -4.7851801E-03 -5.5639386E-02
 -3.0335188E-03 -6.3739419E-02 -2.6066601E-03 -7.7462912E-02
                   155
 -0.6675631      0.1053946      5.4763377E-02 -4.7023296E-03 -5.4669738E-02
 -2.9804707E-03 -6.2628746E-02 -2.5591850E-03 -7.6113224E-02
                   156
 -0.6684118      0.1035572      5.3808212E-02 -4.6209097E-03 -5.3716421E-02
 -2.9287338E-03 -6.1537623E-02 -2.5128424E-03 -7.4786425E-02
                   157
 -0.6692459      0.1017520      5.2869678E-02 -4.5409203E-03 -5.2779436E-02
 -2.8778315E-03 -6.0465574E-02 -2.4668276E-03 -7.3482990E-02
                   158
 -0.6700655      9.9978685E-02  5.1947474E-02 -4.4624805E-03 -5.1858664E-02
 -2.8275251E-03 -5.9412003E-02 -2.4217665E-03 -7.2203159E-02
                   159
 -0.6708711      9.8235488E-02  5.1041365E-02 -4.3854713E-03 -5.0954103E-02
 -2.7788877E-03 -5.8376908E-02 -2.3778081E-03 -7.0944071E-02
                   160
 -0.6716626      9.6522689E-02  5.0151348E-02 -4.3095350E-03 -5.0065517E-02
 -2.7301311E-03 -5.7359099E-02 -2.3340285E-03 -6.9708109E-02
                   161
 -0.6724404      9.4839454E-02  4.9276531E-02 -4.2349100E-03 -4.9191952E-02
 -2.6828051E-03 -5.6360126E-02 -2.2917092E-03 -6.8493128E-02
                   162
 -0.6732047      9.3186498E-02  4.8417151E-02 -4.1623116E-03 -4.8334002E-02
 -2.6360750E-03 -5.5378318E-02 -2.2498071E-03 -6.7299366E-02
                   163
 -0.6739558      9.1561437E-02  4.7572494E-02 -4.0899515E-03 -4.7490597E-02
 -2.5902987E-03 -5.4413080E-02 -2.2093058E-03 -6.6126347E-02
                   164
 -0.6746937      8.9964986E-02  4.6742618E-02 -4.0190220E-03 -4.6662688E-02
 -2.5452375E-03 -5.3464770E-02 -2.1682680E-03 -6.4974546E-02
                   165
 -0.6754193      8.8396192E-02  4.5927346E-02 -3.9498806E-03 -4.5848727E-02
 -2.5002956E-03 -5.2533150E-02 -2.1287501E-03 -6.3841343E-02
                   166
 -0.6761319      8.6855173E-02  4.5126081E-02 -3.8815737E-03 -4.5048594E-02
 -2.4571419E-03 -5.1617503E-02 -2.0899773E-03 -6.2728643E-02
                   167
 -0.6768321      8.5340738E-02  4.4339180E-02 -3.8133860E-03 -4.4262767E-02
 -2.4144650E-03 -5.0718307E-02 -2.0526052E-03 -6.1635494E-02
                   168
 -0.6775208      8.3852410E-02  4.3565631E-02 -3.7479401E-03 -4.3490887E-02
 -2.3722649E-03 -4.9833894E-02 -2.0151734E-03 -6.0560703E-02
                   169
 -0.6781970      8.2390308E-02  4.2805612E-02 -3.6834478E-03 -4.2731762E-02
 -2.3311377E-03 -4.8965812E-02 -1.9792318E-03 -5.9504747E-02
                   170
 -0.6788615      8.0953956E-02  4.2059124E-02 -3.6199093E-03 -4.1986704E-02
 -2.2907257E-03 -4.8112273E-02 -1.9429624E-03 -5.8467865E-02
                   171
 -0.6795146      7.9542398E-02  4.1325331E-02 -3.5569668E-03 -4.1254282E-02
 -2.2505522E-03 -4.7273517E-02 -1.9078255E-03 -5.7448387E-02
                   172
 -0.6801564      7.8155279E-02  4.0604472E-02 -3.4950972E-03 -4.0534735E-02
 -2.2114515E-03 -4.6449780E-02 -1.8736124E-03 -5.6447029E-02
                   173
 -0.6807871      7.6792598E-02  3.9896250E-02 -3.4353733E-03 -3.9827108E-02
 -2.1731853E-03 -4.5640349E-02 -1.8398166E-03 -5.5462837E-02
                   174
 -0.6814069      7.5453401E-02  3.9200306E-02 -3.3751726E-03 -3.9132357E-02
 -2.1354556E-03 -4.4844389E-02 -1.8066764E-03 -5.4496288E-02
                   175
 -0.6820158      7.4137807E-02  3.8516581E-02 -3.3165216E-03 -3.8450360E-02
 -2.0976067E-03 -4.4062853E-02 -1.7735660E-03 -5.3546190E-02
                   176
 -0.6826141      7.2844863E-02  3.7844658E-02 -3.2583475E-03 -3.7779927E-02
 -2.0617843E-03 -4.3295145E-02 -1.7410517E-03 -5.2613258E-02
                   177
 -0.6832024      7.1574688E-02  3.7184477E-02 -3.2025576E-03 -3.7120581E-02
 -2.0253658E-03 -4.2540669E-02 -1.7099977E-03 -5.1695347E-02
                   178
 -0.6837800      7.0326567E-02  3.6535859E-02 -3.1471252E-03 -3.6473155E-02
 -1.9903183E-03 -4.1798711E-02 -1.6792715E-03 -5.0794363E-02
                   179
 -0.6843479      6.9100022E-02  3.5898507E-02 -3.0925274E-03 -3.5836458E-02
 -1.9552708E-03 -4.1070223E-02 -1.6492903E-03 -4.9908638E-02
                   180
 -0.6849059      6.7894936E-02  3.5272121E-02 -3.0394793E-03 -3.5211325E-02
 -1.9212365E-03 -4.0354133E-02 -1.6196370E-03 -4.9038649E-02
                   181
 -0.6854538      6.6711187E-02  3.4656823E-02 -2.9857159E-03 -3.4596801E-02
 -1.8883944E-03 -3.9650917E-02 -1.5903413E-03 -4.8183680E-02
                   182
 -0.6859930      6.5547347E-02  3.4052193E-02 -2.9345751E-03 -3.3993483E-02
 -1.8548965E-03 -3.8959503E-02 -1.5615821E-03 -4.7343254E-02
                   183
 -0.6865224      6.4404368E-02  3.3458114E-02 -2.8834343E-03 -3.3400178E-02
 -1.8227696E-03 -3.8280606E-02 -1.5331209E-03 -4.6517849E-02
                   184
 -0.6870425      6.3280821E-02  3.2874525E-02 -2.8337240E-03 -3.2817602E-02
 -1.7908812E-03 -3.7612677E-02 -1.5060306E-03 -4.5706511E-02
                   185
   1.040000       1.025000       1.025000       1.025798       1.012667    
   1.032362       1.015897       1.025784      0.9956486    
<end of output>
Test time =   0.01 sec
----------------------------------------------------------
Test Passed.
"NLPFTESTS" end time: May 28 19:57 CST
"NLPFTESTS" time elapsed: 00:00:00
----------------------------------------------------------

End testing: May 28 19:57 CST
